\BOOKMARK [0][-]{chapter.1}{\376\377\000I\000n\000t\000r\000o\000d\000u\000c\000t\000i\000o\000n}{}% 1
\BOOKMARK [1][-]{section.1.1}{\376\377\000K\000e\000y\000\040\000f\000e\000a\000t\000u\000r\000e\000s}{chapter.1}% 2
\BOOKMARK [1][-]{section.1.2}{\376\377\000R\000e\000q\000u\000i\000r\000e\000m\000e\000n\000t\000s}{chapter.1}% 3
\BOOKMARK [1][-]{section.1.3}{\376\377\000L\000i\000c\000e\000n\000s\000e}{chapter.1}% 4
\BOOKMARK [1][-]{section.1.4}{\376\377\000R\000e\000p\000o\000s\000i\000t\000o\000r\000y\000\040\000l\000a\000y\000o\000u\000t}{chapter.1}% 5
\BOOKMARK [1][-]{section.1.5}{\376\377\000R\000e\000l\000e\000a\000s\000e\000\040\000p\000o\000l\000i\000c\000y}{chapter.1}% 6
\BOOKMARK [1][-]{section.1.6}{\376\377\000F\000A\000Q}{chapter.1}% 7
\BOOKMARK [0][-]{chapter.2}{\376\377\000G\000e\000t\000\040\000s\000t\000a\000r\000t\000e\000d}{}% 8
\BOOKMARK [1][-]{section.2.1}{\376\377\000Q\000u\000i\000c\000k\000\040\000o\000v\000e\000r\000v\000i\000e\000w}{chapter.2}% 9
\BOOKMARK [1][-]{section.2.2}{\376\377\000S\000i\000m\000u\000l\000a\000t\000o\000r\000\040\000o\000n\000\040\000P\000C}{chapter.2}% 10
\BOOKMARK [1][-]{section.2.3}{\376\377\000S\000T\000M\0003\0002}{chapter.2}% 11
\BOOKMARK [1][-]{section.2.4}{\376\377\000N\000X\000P}{chapter.2}% 12
\BOOKMARK [1][-]{section.2.5}{\376\377\000E\000s\000p\000r\000e\000s\000s\000i\000f\000\040\000\050\000E\000S\000P\0003\0002\000\051}{chapter.2}% 13
\BOOKMARK [1][-]{section.2.6}{\376\377\000A\000r\000d\000u\000i\000n\000o}{chapter.2}% 14
\BOOKMARK [1][-]{section.2.7}{\376\377\000M\000i\000c\000r\000o\000p\000y\000t\000h\000o\000n}{chapter.2}% 15
\BOOKMARK [0][-]{chapter.3}{\376\377\000P\000o\000r\000t\000i\000n\000g}{}% 16
\BOOKMARK [1][-]{section.3.1}{\376\377\000S\000y\000s\000t\000e\000m\000\040\000o\000v\000e\000r\000v\000i\000e\000w}{chapter.3}% 17
\BOOKMARK [1][-]{section.3.2}{\376\377\000S\000e\000t\000-\000u\000p\000\040\000a\000\040\000p\000r\000o\000j\000e\000c\000t}{chapter.3}% 18
\BOOKMARK [1][-]{section.3.3}{\376\377\000D\000i\000s\000p\000l\000a\000y\000\040\000i\000n\000t\000e\000r\000f\000a\000c\000e}{chapter.3}% 19
\BOOKMARK [1][-]{section.3.4}{\376\377\000I\000n\000p\000u\000t\000\040\000d\000e\000v\000i\000c\000e\000\040\000i\000n\000t\000e\000r\000f\000a\000c\000e}{chapter.3}% 20
\BOOKMARK [1][-]{section.3.5}{\376\377\000T\000i\000c\000k\000\040\000i\000n\000t\000e\000r\000f\000a\000c\000e}{chapter.3}% 21
\BOOKMARK [1][-]{section.3.6}{\376\377\000T\000a\000s\000k\000\040\000H\000a\000n\000d\000l\000e\000r}{chapter.3}% 22
\BOOKMARK [1][-]{section.3.7}{\376\377\000S\000l\000e\000e\000p\000\040\000m\000a\000n\000a\000g\000e\000m\000e\000n\000t}{chapter.3}% 23
\BOOKMARK [1][-]{section.3.8}{\376\377\000O\000p\000e\000r\000a\000t\000i\000n\000g\000\040\000s\000y\000s\000t\000e\000m\000\040\000a\000n\000d\000\040\000i\000n\000t\000e\000r\000r\000u\000p\000t\000s}{chapter.3}% 24
\BOOKMARK [1][-]{section.3.9}{\376\377\000L\000o\000g\000g\000i\000n\000g}{chapter.3}% 25
\BOOKMARK [0][-]{chapter.4}{\376\377\000O\000v\000e\000r\000v\000i\000e\000w}{}% 26
\BOOKMARK [1][-]{section.4.1}{\376\377\000O\000b\000j\000e\000c\000t\000s}{chapter.4}% 27
\BOOKMARK [1][-]{section.4.2}{\376\377\000L\000a\000y\000e\000r\000s}{chapter.4}% 28
\BOOKMARK [1][-]{section.4.3}{\376\377\000E\000v\000e\000n\000t\000s}{chapter.4}% 29
\BOOKMARK [1][-]{section.4.4}{\376\377\000S\000t\000y\000l\000e\000s}{chapter.4}% 30
\BOOKMARK [1][-]{section.4.5}{\376\377\000I\000n\000p\000u\000t\000\040\000d\000e\000v\000i\000c\000e\000s}{chapter.4}% 31
\BOOKMARK [1][-]{section.4.6}{\376\377\000D\000i\000s\000p\000l\000a\000y\000s}{chapter.4}% 32
\BOOKMARK [1][-]{section.4.7}{\376\377\000F\000o\000n\000t\000s}{chapter.4}% 33
\BOOKMARK [1][-]{section.4.8}{\376\377\000I\000m\000a\000g\000e\000s}{chapter.4}% 34
\BOOKMARK [1][-]{section.4.9}{\376\377\000F\000i\000l\000e\000\040\000s\000y\000s\000t\000e\000m}{chapter.4}% 35
\BOOKMARK [1][-]{section.4.10}{\376\377\000A\000n\000i\000m\000a\000t\000i\000o\000n\000s}{chapter.4}% 36
\BOOKMARK [1][-]{section.4.11}{\376\377\000T\000a\000s\000k\000s}{chapter.4}% 37
\BOOKMARK [1][-]{section.4.12}{\376\377\000D\000r\000a\000w\000i\000n\000g}{chapter.4}% 38
\BOOKMARK [0][-]{chapter.5}{\376\377\000W\000i\000d\000g\000e\000t\000s}{}% 39
\BOOKMARK [1][-]{section.5.1}{\376\377\000B\000a\000s\000e\000\040\000o\000b\000j\000e\000c\000t\000\040\000\050\000l\000v\000\137\000o\000b\000j\000\051}{chapter.5}% 40
\BOOKMARK [1][-]{section.5.2}{\376\377\000A\000r\000c\000\040\000\050\000l\000v\000\137\000a\000r\000c\000\051}{chapter.5}% 41
\BOOKMARK [1][-]{section.5.3}{\376\377\000B\000a\000r\000\040\000\050\000l\000v\000\137\000b\000a\000r\000\051}{chapter.5}% 42
\BOOKMARK [1][-]{section.5.4}{\376\377\000B\000u\000t\000t\000o\000n\000\040\000\050\000l\000v\000\137\000b\000t\000n\000\051}{chapter.5}% 43
\BOOKMARK [1][-]{section.5.5}{\376\377\000B\000u\000t\000t\000o\000n\000\040\000m\000a\000t\000r\000i\000x\000\040\000\050\000l\000v\000\137\000b\000t\000n\000m\000a\000t\000r\000i\000x\000\051}{chapter.5}% 44
\BOOKMARK [1][-]{section.5.6}{\376\377\000C\000a\000l\000e\000n\000d\000a\000r\000\040\000\050\000l\000v\000\137\000c\000a\000l\000e\000n\000d\000a\000r\000\051}{chapter.5}% 45
\BOOKMARK [1][-]{section.5.7}{\376\377\000C\000a\000n\000v\000a\000s\000\040\000\050\000l\000v\000\137\000c\000a\000n\000v\000a\000s\000\051}{chapter.5}% 46
\BOOKMARK [1][-]{section.5.8}{\376\377\000C\000h\000e\000c\000k\000b\000o\000x\000\040\000\050\000l\000v\000\137\000c\000b\000\051}{chapter.5}% 47
\BOOKMARK [1][-]{section.5.9}{\376\377\000C\000h\000a\000r\000t\000\040\000\050\000l\000v\000\137\000c\000h\000a\000r\000t\000\051}{chapter.5}% 48
\BOOKMARK [1][-]{section.5.10}{\376\377\000C\000o\000n\000t\000a\000i\000n\000e\000r\000\040\000\050\000l\000v\000\137\000c\000o\000n\000t\000\051}{chapter.5}% 49
\BOOKMARK [1][-]{section.5.11}{\376\377\000c\000o\000l\000o\000r\000\040\000p\000i\000c\000k\000e\000r\000\040\000\050\000l\000v\000\137\000c\000p\000i\000c\000k\000e\000r\000\051}{chapter.5}% 50
\BOOKMARK [1][-]{section.5.12}{\376\377\000D\000r\000o\000p\000-\000d\000o\000w\000n\000\040\000l\000i\000s\000t\000\040\000\050\000l\000v\000\137\000d\000r\000o\000p\000d\000o\000w\000n\000\051}{chapter.5}% 51
\BOOKMARK [1][-]{section.5.13}{\376\377\000G\000a\000u\000g\000e\000\040\000\050\000l\000v\000\137\000g\000a\000u\000g\000e\000\051}{chapter.5}% 52
\BOOKMARK [1][-]{section.5.14}{\376\377\000I\000m\000a\000g\000e\000\040\000\050\000l\000v\000\137\000i\000m\000g\000\051}{chapter.5}% 53
\BOOKMARK [1][-]{section.5.15}{\376\377\000I\000m\000a\000g\000e\000\040\000b\000u\000t\000t\000o\000n\000\040\000\050\000l\000v\000\137\000i\000m\000g\000b\000t\000n\000\051}{chapter.5}% 54
\BOOKMARK [1][-]{section.5.16}{\376\377\000K\000e\000y\000b\000o\000a\000r\000d\000\040\000\050\000l\000v\000\137\000k\000e\000y\000b\000o\000a\000r\000d\000\051}{chapter.5}% 55
\BOOKMARK [1][-]{section.5.17}{\376\377\000L\000a\000b\000e\000l\000\040\000\050\000l\000v\000\137\000l\000a\000b\000e\000l\000\051}{chapter.5}% 56
\BOOKMARK [1][-]{section.5.18}{\376\377\000L\000E\000D\000\040\000\050\000l\000v\000\137\000l\000e\000d\000\051}{chapter.5}% 57
\BOOKMARK [1][-]{section.5.19}{\376\377\000L\000i\000n\000e\000\040\000\050\000l\000v\000\137\000l\000i\000n\000e\000\051}{chapter.5}% 58
\BOOKMARK [1][-]{section.5.20}{\376\377\000L\000i\000s\000t\000\040\000\050\000l\000v\000\137\000l\000i\000s\000t\000\051}{chapter.5}% 59
\BOOKMARK [1][-]{section.5.21}{\376\377\000L\000i\000n\000e\000\040\000m\000e\000t\000e\000r\000\040\000\050\000l\000v\000\137\000l\000m\000e\000t\000e\000r\000\051}{chapter.5}% 60
\BOOKMARK [1][-]{section.5.22}{\376\377\000M\000e\000s\000s\000a\000g\000e\000\040\000b\000o\000x\000\040\000\050\000l\000v\000\137\000m\000s\000d\000b\000o\000x\000\051}{chapter.5}% 61
\BOOKMARK [1][-]{section.5.23}{\376\377\000O\000b\000j\000e\000c\000t\000\040\000m\000a\000s\000k\000\040\000\050\000l\000v\000\137\000o\000b\000j\000m\000a\000s\000k\000\051}{chapter.5}% 62
\BOOKMARK [1][-]{section.5.24}{\376\377\000P\000a\000g\000e\000\040\000\050\000l\000v\000\137\000p\000a\000g\000e\000\051}{chapter.5}% 63
\BOOKMARK [1][-]{section.5.25}{\376\377\000R\000o\000l\000l\000e\000r\000\040\000\050\000l\000v\000\137\000r\000o\000l\000l\000e\000r\000\051}{chapter.5}% 64
\BOOKMARK [1][-]{section.5.26}{\376\377\000S\000l\000i\000d\000e\000r\000\040\000\050\000l\000v\000\137\000s\000l\000i\000d\000e\000r\000\051}{chapter.5}% 65
\BOOKMARK [1][-]{section.5.27}{\376\377\000S\000p\000i\000n\000b\000o\000x\000\040\000\050\000l\000v\000\137\000s\000p\000i\000n\000b\000o\000x\000\051}{chapter.5}% 66
\BOOKMARK [1][-]{section.5.28}{\376\377\000S\000p\000i\000n\000n\000e\000r\000\040\000\050\000l\000v\000\137\000s\000p\000i\000n\000n\000e\000r\000\051}{chapter.5}% 67
\BOOKMARK [1][-]{section.5.29}{\376\377\000S\000w\000i\000t\000c\000h\000\040\000\050\000l\000v\000\137\000s\000w\000i\000t\000c\000h\000\051}{chapter.5}% 68
\BOOKMARK [1][-]{section.5.30}{\376\377\000T\000a\000b\000l\000e\000\040\000\050\000l\000v\000\137\000t\000a\000b\000l\000e\000\051}{chapter.5}% 69
\BOOKMARK [1][-]{section.5.31}{\376\377\000T\000a\000b\000v\000i\000e\000w\000\040\000\050\000l\000v\000\137\000t\000a\000b\000v\000i\000e\000w\000\051}{chapter.5}% 70
\BOOKMARK [1][-]{section.5.32}{\376\377\000T\000e\000x\000t\000\040\000a\000r\000e\000a\000\040\000\050\000l\000v\000\137\000t\000e\000x\000t\000a\000r\000e\000a\000\051}{chapter.5}% 71
\BOOKMARK [1][-]{section.5.33}{\376\377\000T\000i\000l\000e\000\040\000v\000i\000e\000w\000\040\000\050\000l\000v\000\137\000t\000i\000l\000e\000v\000i\000e\000w\000\051}{chapter.5}% 72
\BOOKMARK [1][-]{section.5.34}{\376\377\000W\000i\000n\000d\000o\000w\000\040\000\050\000l\000v\000\137\000w\000i\000n\000\051}{chapter.5}% 73
\BOOKMARK [0][-]{chapter.6}{\376\377\000C\000o\000n\000t\000r\000i\000b\000u\000t\000i\000n\000g}{}% 74
\BOOKMARK [1][-]{section.6.1}{\376\377\000I\000n\000t\000r\000o\000d\000u\000c\000t\000i\000o\000n}{chapter.6}% 75
\BOOKMARK [1][-]{section.6.2}{\376\377\000W\000h\000e\000n\000\040\000y\000o\000u\000\040\000g\000o\000t\000\040\000s\000t\000a\000r\000t\000e\000d\000\040\000w\000i\000t\000h\000\040\000L\000V\000G\000L}{chapter.6}% 76
\BOOKMARK [1][-]{section.6.3}{\376\377\000W\000h\000e\000n\000\040\000y\000o\000u\000\040\000a\000l\000r\000e\000a\000d\000y\000\040\000u\000s\000e\000\040\000L\000V\000G\000L}{chapter.6}% 77
\BOOKMARK [1][-]{section.6.4}{\376\377\000W\000h\000e\000n\000\040\000y\000o\000u\000\040\000a\000r\000e\000\040\000c\000o\000n\000f\000i\000d\000e\000n\000t\000\040\000w\000i\000t\000h\000\040\000L\000V\000G\000L}{chapter.6}% 78
