\BOOKMARK [0][-]{chapter.1}{\376\377\000T\000a\000b\000l\000e\000\040\000o\000f\000\040\000c\000o\000n\000t\000e\000n\000t}{}% 1
\BOOKMARK [1][-]{section.1.1}{\376\377\000I\000n\000t\000r\000o\000d\000u\000c\000t\000i\000o\000n}{chapter.1}% 2
\BOOKMARK [2][-]{subsection.1.1.1}{\376\377\000K\000e\000y\000\040\000f\000e\000a\000t\000u\000r\000e\000s}{section.1.1}% 3
\BOOKMARK [2][-]{subsection.1.1.2}{\376\377\000R\000e\000q\000u\000i\000r\000e\000m\000e\000n\000t\000s}{section.1.1}% 4
\BOOKMARK [1][-]{section.1.2}{\376\377\000G\000e\000t\000\040\000s\000t\000a\000r\000t\000e\000d}{chapter.1}% 5
\BOOKMARK [2][-]{subsection.1.2.1}{\376\377\000L\000i\000v\000e\000\040\000d\000e\000m\000o\000s}{section.1.2}% 6
\BOOKMARK [2][-]{subsection.1.2.2}{\376\377\000M\000i\000c\000r\000o\000p\000y\000t\000h\000o\000n}{section.1.2}% 7
\BOOKMARK [2][-]{subsection.1.2.3}{\376\377\000S\000i\000m\000u\000l\000a\000t\000o\000r\000\040\000o\000n\000\040\000P\000C}{section.1.2}% 8
\BOOKMARK [1][-]{section.1.3}{\376\377\000P\000o\000r\000t\000i\000n\000g}{chapter.1}% 9
\BOOKMARK [2][-]{subsection.1.3.1}{\376\377\000S\000y\000s\000t\000e\000m\000\040\000o\000v\000e\000r\000v\000i\000e\000w}{section.1.3}% 10
\BOOKMARK [2][-]{subsection.1.3.2}{\376\377\000S\000e\000t\000-\000u\000p\000\040\000a\000\040\000p\000r\000o\000j\000e\000c\000t}{section.1.3}% 11
\BOOKMARK [2][-]{subsection.1.3.3}{\376\377\000D\000i\000s\000p\000l\000a\000y\000\040\000i\000n\000t\000e\000r\000f\000a\000c\000e}{section.1.3}% 12
\BOOKMARK [2][-]{subsection.1.3.4}{\376\377\000I\000n\000p\000u\000t\000\040\000d\000e\000v\000i\000c\000e\000\040\000i\000n\000t\000e\000r\000f\000a\000c\000e}{section.1.3}% 13
\BOOKMARK [2][-]{subsection.1.3.5}{\376\377\000T\000i\000c\000k\000\040\000i\000n\000t\000e\000r\000f\000a\000c\000e}{section.1.3}% 14
\BOOKMARK [2][-]{subsection.1.3.6}{\376\377\000T\000a\000s\000k\000\040\000H\000a\000n\000d\000l\000e\000r}{section.1.3}% 15
\BOOKMARK [2][-]{subsection.1.3.7}{\376\377\000S\000l\000e\000e\000p\000\040\000m\000a\000n\000a\000g\000e\000m\000e\000n\000t}{section.1.3}% 16
\BOOKMARK [2][-]{subsection.1.3.8}{\376\377\000U\000s\000e\000\040\000w\000i\000t\000h\000\040\000a\000n\000\040\000o\000p\000e\000r\000a\000t\000i\000n\000g\000\040\000s\000y\000s\000t\000e\000m}{section.1.3}% 17
\BOOKMARK [1][-]{section.1.4}{\376\377\000O\000v\000e\000r\000v\000i\000e\000w}{chapter.1}% 18
\BOOKMARK [2][-]{subsection.1.4.1}{\376\377\000O\000b\000j\000e\000c\000t\000s}{section.1.4}% 19
\BOOKMARK [2][-]{subsection.1.4.2}{\376\377\000L\000a\000y\000e\000r\000s}{section.1.4}% 20
\BOOKMARK [2][-]{subsection.1.4.3}{\376\377\000E\000v\000e\000n\000t\000s}{section.1.4}% 21
\BOOKMARK [2][-]{subsection.1.4.4}{\376\377\000S\000t\000y\000l\000e\000s}{section.1.4}% 22
\BOOKMARK [2][-]{subsection.1.4.5}{\376\377\000I\000n\000p\000u\000t\000\040\000d\000e\000v\000i\000c\000e\000s}{section.1.4}% 23
\BOOKMARK [2][-]{subsection.1.4.6}{\376\377\000D\000i\000s\000p\000l\000a\000y\000s}{section.1.4}% 24
\BOOKMARK [2][-]{subsection.1.4.7}{\376\377\000F\000o\000n\000t\000s}{section.1.4}% 25
\BOOKMARK [2][-]{subsection.1.4.8}{\376\377\000I\000m\000a\000g\000e\000s}{section.1.4}% 26
\BOOKMARK [2][-]{subsection.1.4.9}{\376\377\000F\000i\000l\000e\000\040\000s\000y\000s\000t\000e\000m}{section.1.4}% 27
\BOOKMARK [2][-]{subsection.1.4.10}{\376\377\000A\000n\000i\000m\000a\000t\000i\000o\000n\000s}{section.1.4}% 28
\BOOKMARK [2][-]{subsection.1.4.11}{\376\377\000D\000r\000a\000w\000i\000n\000g}{section.1.4}% 29
\BOOKMARK [1][-]{section.1.5}{\376\377\000O\000b\000j\000e\000c\000t\000\040\000t\000y\000p\000e\000s}{chapter.1}% 30
\BOOKMARK [2][-]{subsection.1.5.1}{\376\377\000B\000a\000s\000e\000\040\000o\000b\000j\000e\000c\000t\000\040\000\050\000l\000v\000\137\000o\000b\000j\000\051}{section.1.5}% 31
\BOOKMARK [2][-]{subsection.1.5.2}{\376\377\000A\000r\000c\000\040\000\050\000l\000v\000\137\000a\000r\000c\000\051}{section.1.5}% 32
\BOOKMARK [2][-]{subsection.1.5.3}{\376\377\000B\000a\000r\000\040\000\050\000l\000v\000\137\000b\000a\000r\000\051}{section.1.5}% 33
\BOOKMARK [2][-]{subsection.1.5.4}{\376\377\000B\000u\000t\000t\000o\000n\000\040\000\050\000l\000v\000\137\000b\000t\000n\000\051}{section.1.5}% 34
\BOOKMARK [2][-]{subsection.1.5.5}{\376\377\000B\000u\000t\000t\000o\000n\000\040\000m\000a\000t\000r\000i\000x\000\040\000\050\000l\000v\000\137\000b\000t\000n\000m\000\051}{section.1.5}% 35
\BOOKMARK [2][-]{subsection.1.5.6}{\376\377\000C\000a\000l\000e\000n\000d\000a\000r\000\040\000\050\000l\000v\000\137\000c\000a\000l\000e\000n\000d\000a\000r\000\051}{section.1.5}% 36
\BOOKMARK [2][-]{subsection.1.5.7}{\376\377\000C\000a\000n\000v\000a\000s\000\040\000\050\000l\000v\000\137\000c\000a\000n\000v\000a\000s\000\051}{section.1.5}% 37
\BOOKMARK [2][-]{subsection.1.5.8}{\376\377\000C\000h\000e\000c\000k\000\040\000b\000o\000x\000\040\000\050\000l\000v\000\137\000c\000b\000\051}{section.1.5}% 38
\BOOKMARK [2][-]{subsection.1.5.9}{\376\377\000C\000h\000a\000r\000t\000\040\000\050\000l\000v\000\137\000c\000h\000a\000r\000t\000\051}{section.1.5}% 39
\BOOKMARK [2][-]{subsection.1.5.10}{\376\377\000C\000o\000n\000t\000a\000i\000n\000e\000r}{section.1.5}% 40
\BOOKMARK [2][-]{subsection.1.5.11}{\376\377\000D\000r\000o\000p\000\040\000d\000o\000w\000n\000\040\000l\000i\000s\000t\000\040\000\050\000l\000v\000\137\000d\000d\000l\000i\000s\000t\000\051}{section.1.5}% 41
\BOOKMARK [2][-]{subsection.1.5.12}{\376\377\000G\000a\000u\000g\000e\000\040\000\050\000l\000v\000\137\000g\000a\000u\000g\000e\000\051}{section.1.5}% 42
\BOOKMARK [2][-]{subsection.1.5.13}{\376\377\000I\000m\000a\000g\000e\000\040\000\050\000l\000v\000\137\000i\000m\000g\000\051}{section.1.5}% 43
\BOOKMARK [2][-]{subsection.1.5.14}{\376\377\000I\000m\000a\000g\000e\000\040\000b\000u\000t\000t\000o\000n\000\040\000\050\000l\000v\000\137\000i\000m\000g\000b\000t\000n\000\051}{section.1.5}% 44
\BOOKMARK [2][-]{subsection.1.5.15}{\376\377\000K\000e\000y\000b\000o\000a\000r\000d\000\040\000\050\000l\000v\000\137\000k\000b\000\051}{section.1.5}% 45
\BOOKMARK [2][-]{subsection.1.5.16}{\376\377\000L\000a\000b\000e\000l\000\040\000\050\000l\000v\000\137\000l\000a\000b\000e\000l\000\051}{section.1.5}% 46
\BOOKMARK [2][-]{subsection.1.5.17}{\376\377\000L\000E\000D\000\040\000\050\000l\000v\000\137\000l\000e\000d\000\051}{section.1.5}% 47
\BOOKMARK [2][-]{subsection.1.5.18}{\376\377\000L\000i\000n\000e\000\040\000\050\000l\000v\000\137\000l\000i\000n\000e\000\051}{section.1.5}% 48
\BOOKMARK [2][-]{subsection.1.5.19}{\376\377\000L\000i\000s\000t\000\040\000\050\000l\000v\000\137\000l\000i\000s\000t\000\051}{section.1.5}% 49
\BOOKMARK [2][-]{subsection.1.5.20}{\376\377\000L\000i\000n\000e\000\040\000m\000e\000t\000e\000r\000\040\000\050\000l\000v\000\137\000l\000m\000e\000t\000e\000r\000\051}{section.1.5}% 50
\BOOKMARK [2][-]{subsection.1.5.21}{\376\377\000M\000e\000s\000s\000a\000g\000e\000\040\000b\000o\000x\000\040\000\050\000l\000v\000\137\000m\000b\000o\000x\000\051}{section.1.5}% 51
\BOOKMARK [2][-]{subsection.1.5.22}{\376\377\000P\000a\000g\000e\000\040\000\050\000l\000v\000\137\000p\000a\000g\000e\000\051}{section.1.5}% 52
\BOOKMARK [2][-]{subsection.1.5.23}{\376\377\000P\000r\000e\000l\000o\000a\000d\000\040\000\050\000l\000v\000\137\000p\000r\000e\000l\000o\000a\000d\000\051}{section.1.5}% 53
\BOOKMARK [2][-]{subsection.1.5.24}{\376\377\000R\000o\000l\000l\000e\000r\000\040\000\050\000l\000v\000\137\000r\000o\000l\000l\000e\000r\000\051}{section.1.5}% 54
\BOOKMARK [2][-]{subsection.1.5.25}{\376\377\000S\000l\000i\000d\000e\000r\000\040\000\050\000l\000v\000\137\000s\000l\000i\000d\000e\000r\000\051}{section.1.5}% 55
\BOOKMARK [2][-]{subsection.1.5.26}{\376\377\000S\000p\000i\000n\000b\000o\000x\000\040\000\050\000l\000v\000\137\000s\000p\000i\000n\000b\000o\000x\000\051}{section.1.5}% 56
\BOOKMARK [2][-]{subsection.1.5.27}{\376\377\000S\000w\000i\000t\000c\000h\000\040\000\050\000l\000v\000\137\000s\000w\000\051}{section.1.5}% 57
\BOOKMARK [2][-]{subsection.1.5.28}{\376\377\000T\000a\000b\000l\000e\000\040\000\050\000l\000v\000\137\000t\000a\000b\000l\000e\000\051}{section.1.5}% 58
\BOOKMARK [2][-]{subsection.1.5.29}{\376\377\000T\000a\000b\000\040\000v\000i\000e\000w\000\040\000\050\000l\000v\000\137\000t\000a\000b\000v\000i\000e\000w\000\051}{section.1.5}% 59
\BOOKMARK [2][-]{subsection.1.5.30}{\376\377\000T\000e\000x\000t\000\040\000a\000r\000e\000a\000\040\000\050\000l\000v\000\137\000t\000a\000\051}{section.1.5}% 60
\BOOKMARK [2][-]{subsection.1.5.31}{\376\377\000T\000i\000l\000e\000\040\000v\000i\000e\000w\000\040\000\050\000l\000v\000\137\000t\000i\000l\000e\000v\000i\000e\000w\000\051}{section.1.5}% 61
\BOOKMARK [2][-]{subsection.1.5.32}{\376\377\000W\000i\000n\000d\000o\000w\000\040\000\050\000l\000v\000\137\000w\000i\000n\000\051}{section.1.5}% 62
