This is XeTeX, Version 3.14159265-2.6-0.99998 (TeX Live 2017/Debian) (preloaded format=xelatex 2020.4.2)  2 APR 2020 14:35
entering extended mode
 restricted \write18 enabled.
 %&-line parsing enabled.
**LittlevGL.tex
(./LittlevGL.tex
LaTeX2e <2017-04-15>
Babel <3.18> and hyphenation patterns for 25 language(s) loaded.
(./sphinxmanual.cls
Document Class: sphinxmanual 2018/12/23 v2.0 Document class (Sphinx manual)
(/usr/share/texlive/texmf-dist/tex/latex/base/report.cls
Document Class: report 2014/09/29 v1.4h Standard LaTeX document class
(/usr/share/texlive/texmf-dist/tex/latex/base/size10.clo
File: size10.clo 2014/09/29 v1.4h Standard LaTeX file (size option)
)
\c@part=\count79
\c@chapter=\count80
\c@section=\count81
\c@subsection=\count82
\c@subsubsection=\count83
\c@paragraph=\count84
\c@subparagraph=\count85
\c@figure=\count86
\c@table=\count87
\abovecaptionskip=\skip41
\belowcaptionskip=\skip42
\bibindent=\dimen102
))
\sphinxpxdimen=\dimen103
(/usr/share/texlive/texmf-dist/tex/latex/cmap/cmap.sty
Package: cmap 2008/03/06 v1.0h CMap support: searchable PDF

Package cmap Warning: pdftex not detected - exiting.

) (/usr/share/texlive/texmf-dist/tex/latex/base/fontenc.sty
Package: fontenc 2017/04/05 v2.0i Standard LaTeX package
(/usr/share/texlive/texmf-dist/tex/latex/base/t1enc.def
File: t1enc.def 2017/04/05 v2.0i Standard LaTeX file
LaTeX Font Info:    Redeclaring font encoding T1 on input line 48.
)
LaTeX Font Info:    Try loading font information for T1+lmr on input line 105.
(/usr/share/texmf/tex/latex/lm/t1lmr.fd
File: t1lmr.fd 2009/10/30 v1.6 Font defs for Latin Modern
)) (/usr/share/texlive/texmf-dist/tex/latex/amsmath/amsmath.sty
Package: amsmath 2017/09/02 v2.17a AMS math features
\@mathmargin=\skip43
For additional information on amsmath, use the `?' option.
(/usr/share/texlive/texmf-dist/tex/latex/amsmath/amstext.sty
Package: amstext 2000/06/29 v2.01 AMS text
(/usr/share/texlive/texmf-dist/tex/latex/amsmath/amsgen.sty
File: amsgen.sty 1999/11/30 v2.0 generic functions
\@emptytoks=\toks14
\ex@=\dimen104
)) (/usr/share/texlive/texmf-dist/tex/latex/amsmath/amsbsy.sty
Package: amsbsy 1999/11/29 v1.2d Bold Symbols
\pmbraise@=\dimen105
) (/usr/share/texlive/texmf-dist/tex/latex/amsmath/amsopn.sty
Package: amsopn 2016/03/08 v2.02 operator names
)
\inf@bad=\count88
LaTeX Info: Redefining \frac on input line 213.
\uproot@=\count89
\leftroot@=\count90
LaTeX Info: Redefining \overline on input line 375.
\classnum@=\count91
\DOTSCASE@=\count92
LaTeX Info: Redefining \ldots on input line 472.
LaTeX Info: Redefining \dots on input line 475.
LaTeX Info: Redefining \cdots on input line 596.
\Mathstrutbox@=\box26
\strutbox@=\box27
\big@size=\dimen106
LaTeX Font Info:    Redeclaring font encoding OML on input line 712.
LaTeX Font Info:    Redeclaring font encoding OMS on input line 713.
\macc@depth=\count93
\c@MaxMatrixCols=\count94
\dotsspace@=\muskip10
\c@parentequation=\count95
\dspbrk@lvl=\count96
\tag@help=\toks15
\row@=\count97
\column@=\count98
\maxfields@=\count99
\andhelp@=\toks16
\eqnshift@=\dimen107
\alignsep@=\dimen108
\tagshift@=\dimen109
\tagwidth@=\dimen110
\totwidth@=\dimen111
\lineht@=\dimen112
\@envbody=\toks17
\multlinegap=\skip44
\multlinetaggap=\skip45
\mathdisplay@stack=\toks18
LaTeX Info: Redefining \[ on input line 2817.
LaTeX Info: Redefining \] on input line 2818.
) (/usr/share/texlive/texmf-dist/tex/latex/amsfonts/amssymb.sty
Package: amssymb 2013/01/14 v3.01 AMS font symbols
(/usr/share/texlive/texmf-dist/tex/latex/amsfonts/amsfonts.sty
Package: amsfonts 2013/01/14 v3.01 Basic AMSFonts support
\symAMSa=\mathgroup4
\symAMSb=\mathgroup5
LaTeX Font Info:    Overwriting math alphabet `\mathfrak' in version `bold'
(Font)                  U/euf/m/n --> U/euf/b/n on input line 106.
)) (/usr/share/texlive/texmf-dist/tex/generic/babel/babel.sty
Package: babel 2018/02/14 3.18 The Babel package
(/usr/share/texlive/texmf-dist/tex/generic/babel/switch.def
File: switch.def 2018/02/14 3.18 Babel switching mechanism
) (/usr/share/texlive/texmf-dist/tex/generic/babel-english/english.ldf
Language: english 2017/06/06 v3.3r English support from the babel system
(/usr/share/texlive/texmf-dist/tex/generic/babel/babel.def
File: babel.def 2018/02/14 3.18 Babel common definitions
\babel@savecnt=\count100
\U@D=\dimen113
(/usr/share/texlive/texmf-dist/tex/generic/babel/xebabel.def (/usr/share/texliv
e/texmf-dist/tex/generic/babel/txtbabel.def))
\bbl@dirlevel=\count101
)
\l@british = a dialect from \language\l@english 
\l@UKenglish = a dialect from \language\l@english 
\l@canadian = a dialect from \language\l@american 
\l@australian = a dialect from \language\l@british 
\l@newzealand = a dialect from \language\l@british 
)) (/usr/share/texlive/texmf-dist/tex/latex/psnfss/times.sty
Package: times 2005/04/12 PSNFSS-v9.2a (SPQR) 
) (/usr/share/texlive/texmf-dist/tex/latex/fncychap/fncychap.sty
Package: fncychap 2007/07/30 v1.34 LaTeX package (Revised chapters)
\RW=\skip46
\mylen=\skip47
\myhi=\skip48
\px=\skip49
\py=\skip50
\pyy=\skip51
\pxx=\skip52
\c@AlphaCnt=\count102
\c@AlphaDecCnt=\count103
) (./sphinx.sty
Package: sphinx 2019/06/04 v2.1.1 LaTeX package (Sphinx markup)
(/usr/share/texlive/texmf-dist/tex/generic/oberdiek/ltxcmds.sty
Package: ltxcmds 2016/05/16 v1.23 LaTeX kernel commands for general use (HO)
) (/usr/share/texlive/texmf-dist/tex/latex/graphics/graphicx.sty
Package: graphicx 2017/06/01 v1.1a Enhanced LaTeX Graphics (DPC,SPQR)
(/usr/share/texlive/texmf-dist/tex/latex/graphics/keyval.sty
Package: keyval 2014/10/28 v1.15 key=value parser (DPC)
\KV@toks@=\toks19
) (/usr/share/texlive/texmf-dist/tex/latex/graphics/graphics.sty
Package: graphics 2017/06/25 v1.2c Standard LaTeX Graphics (DPC,SPQR)
(/usr/share/texlive/texmf-dist/tex/latex/graphics/trig.sty
Package: trig 2016/01/03 v1.10 sin cos tan (DPC)
) (/usr/share/texlive/texmf-dist/tex/latex/graphics-cfg/graphics.cfg
File: graphics.cfg 2016/06/04 v1.11 sample graphics configuration
)
Package graphics Info: Driver file: xetex.def on input line 99.
(/usr/share/texlive/texmf-dist/tex/latex/graphics-def/xetex.def
File: xetex.def 2017/06/24 v5.0h Graphics/color driver for xetex
))
\Gin@req@height=\dimen114
\Gin@req@width=\dimen115
) (/usr/share/texlive/texmf-dist/tex/latex/fancyhdr/fancyhdr.sty
Package: fancyhdr 2017/06/30 v3.9a Extensive control of page headers and footer
s
\f@nch@headwidth=\skip53
\f@nch@O@elh=\skip54
\f@nch@O@erh=\skip55
\f@nch@O@olh=\skip56
\f@nch@O@orh=\skip57
\f@nch@O@elf=\skip58
\f@nch@O@erf=\skip59
\f@nch@O@olf=\skip60
\f@nch@O@orf=\skip61
) (/usr/share/texlive/texmf-dist/tex/latex/base/textcomp.sty
Package: textcomp 2017/04/05 v2.0i Standard LaTeX package
Package textcomp Info: Sub-encoding information:
(textcomp)               5 = only ISO-Adobe without \textcurrency
(textcomp)               4 = 5 + \texteuro
(textcomp)               3 = 4 + \textohm
(textcomp)               2 = 3 + \textestimated + \textcurrency
(textcomp)               1 = TS1 - \textcircled - \t
(textcomp)               0 = TS1 (full)
(textcomp)             Font families with sub-encoding setting implement
(textcomp)             only a restricted character set as indicated.
(textcomp)             Family '?' is the default used for unknown fonts.
(textcomp)             See the documentation for details.
Package textcomp Info: Setting ? sub-encoding to TS1/1 on input line 79.
(/usr/share/texlive/texmf-dist/tex/latex/base/ts1enc.def
File: ts1enc.def 2001/06/05 v3.0e (jk/car/fm) Standard LaTeX file
)
LaTeX Info: Redefining \oldstylenums on input line 334.
Package textcomp Info: Setting cmr sub-encoding to TS1/0 on input line 349.
Package textcomp Info: Setting cmss sub-encoding to TS1/0 on input line 350.
Package textcomp Info: Setting cmtt sub-encoding to TS1/0 on input line 351.
Package textcomp Info: Setting cmvtt sub-encoding to TS1/0 on input line 352.
Package textcomp Info: Setting cmbr sub-encoding to TS1/0 on input line 353.
Package textcomp Info: Setting cmtl sub-encoding to TS1/0 on input line 354.
Package textcomp Info: Setting ccr sub-encoding to TS1/0 on input line 355.
Package textcomp Info: Setting ptm sub-encoding to TS1/4 on input line 356.
Package textcomp Info: Setting pcr sub-encoding to TS1/4 on input line 357.
Package textcomp Info: Setting phv sub-encoding to TS1/4 on input line 358.
Package textcomp Info: Setting ppl sub-encoding to TS1/3 on input line 359.
Package textcomp Info: Setting pag sub-encoding to TS1/4 on input line 360.
Package textcomp Info: Setting pbk sub-encoding to TS1/4 on input line 361.
Package textcomp Info: Setting pnc sub-encoding to TS1/4 on input line 362.
Package textcomp Info: Setting pzc sub-encoding to TS1/4 on input line 363.
Package textcomp Info: Setting bch sub-encoding to TS1/4 on input line 364.
Package textcomp Info: Setting put sub-encoding to TS1/5 on input line 365.
Package textcomp Info: Setting uag sub-encoding to TS1/5 on input line 366.
Package textcomp Info: Setting ugq sub-encoding to TS1/5 on input line 367.
Package textcomp Info: Setting ul8 sub-encoding to TS1/4 on input line 368.
Package textcomp Info: Setting ul9 sub-encoding to TS1/4 on input line 369.
Package textcomp Info: Setting augie sub-encoding to TS1/5 on input line 370.
Package textcomp Info: Setting dayrom sub-encoding to TS1/3 on input line 371.
Package textcomp Info: Setting dayroms sub-encoding to TS1/3 on input line 372.

Package textcomp Info: Setting pxr sub-encoding to TS1/0 on input line 373.
Package textcomp Info: Setting pxss sub-encoding to TS1/0 on input line 374.
Package textcomp Info: Setting pxtt sub-encoding to TS1/0 on input line 375.
Package textcomp Info: Setting txr sub-encoding to TS1/0 on input line 376.
Package textcomp Info: Setting txss sub-encoding to TS1/0 on input line 377.
Package textcomp Info: Setting txtt sub-encoding to TS1/0 on input line 378.
Package textcomp Info: Setting lmr sub-encoding to TS1/0 on input line 379.
Package textcomp Info: Setting lmdh sub-encoding to TS1/0 on input line 380.
Package textcomp Info: Setting lmss sub-encoding to TS1/0 on input line 381.
Package textcomp Info: Setting lmssq sub-encoding to TS1/0 on input line 382.
Package textcomp Info: Setting lmvtt sub-encoding to TS1/0 on input line 383.
Package textcomp Info: Setting lmtt sub-encoding to TS1/0 on input line 384.
Package textcomp Info: Setting qhv sub-encoding to TS1/0 on input line 385.
Package textcomp Info: Setting qag sub-encoding to TS1/0 on input line 386.
Package textcomp Info: Setting qbk sub-encoding to TS1/0 on input line 387.
Package textcomp Info: Setting qcr sub-encoding to TS1/0 on input line 388.
Package textcomp Info: Setting qcs sub-encoding to TS1/0 on input line 389.
Package textcomp Info: Setting qpl sub-encoding to TS1/0 on input line 390.
Package textcomp Info: Setting qtm sub-encoding to TS1/0 on input line 391.
Package textcomp Info: Setting qzc sub-encoding to TS1/0 on input line 392.
Package textcomp Info: Setting qhvc sub-encoding to TS1/0 on input line 393.
Package textcomp Info: Setting futs sub-encoding to TS1/4 on input line 394.
Package textcomp Info: Setting futx sub-encoding to TS1/4 on input line 395.
Package textcomp Info: Setting futj sub-encoding to TS1/4 on input line 396.
Package textcomp Info: Setting hlh sub-encoding to TS1/3 on input line 397.
Package textcomp Info: Setting hls sub-encoding to TS1/3 on input line 398.
Package textcomp Info: Setting hlst sub-encoding to TS1/3 on input line 399.
Package textcomp Info: Setting hlct sub-encoding to TS1/5 on input line 400.
Package textcomp Info: Setting hlx sub-encoding to TS1/5 on input line 401.
Package textcomp Info: Setting hlce sub-encoding to TS1/5 on input line 402.
Package textcomp Info: Setting hlcn sub-encoding to TS1/5 on input line 403.
Package textcomp Info: Setting hlcw sub-encoding to TS1/5 on input line 404.
Package textcomp Info: Setting hlcf sub-encoding to TS1/5 on input line 405.
Package textcomp Info: Setting pplx sub-encoding to TS1/3 on input line 406.
Package textcomp Info: Setting pplj sub-encoding to TS1/3 on input line 407.
Package textcomp Info: Setting ptmx sub-encoding to TS1/4 on input line 408.
Package textcomp Info: Setting ptmj sub-encoding to TS1/4 on input line 409.
) (/usr/share/texlive/texmf-dist/tex/latex/titlesec/titlesec.sty
Package: titlesec 2016/03/21 v2.10.2 Sectioning titles
\ttl@box=\box28
\beforetitleunit=\skip62
\aftertitleunit=\skip63
\ttl@plus=\dimen116
\ttl@minus=\dimen117
\ttl@toksa=\toks20
\titlewidth=\dimen118
\titlewidthlast=\dimen119
\titlewidthfirst=\dimen120
) (/usr/share/texlive/texmf-dist/tex/latex/tabulary/tabulary.sty
Package: tabulary 2014/06/11 v0.10 tabulary package (DPC)
(/usr/share/texlive/texmf-dist/tex/latex/tools/array.sty
Package: array 2016/10/06 v2.4d Tabular extension package (FMi)
\col@sep=\dimen121
\extrarowheight=\dimen122
\NC@list=\toks21
\extratabsurround=\skip64
\backup@length=\skip65
)
\TY@count=\count104
\TY@linewidth=\dimen123
\tymin=\dimen124
\tymax=\dimen125
\TY@tablewidth=\dimen126
) (/usr/share/texlive/texmf-dist/tex/latex/tools/longtable.sty
Package: longtable 2014/10/28 v4.11 Multi-page Table package (DPC)
\LTleft=\skip66
\LTright=\skip67
\LTpre=\skip68
\LTpost=\skip69
\LTchunksize=\count105
\LTcapwidth=\dimen127
\LT@head=\box29
\LT@firsthead=\box30
\LT@foot=\box31
\LT@lastfoot=\box32
\LT@cols=\count106
\LT@rows=\count107
\c@LT@tables=\count108
\c@LT@chunks=\count109
\LT@p@ftn=\toks22
) (/usr/share/texlive/texmf-dist/tex/latex/varwidth/varwidth.sty
Package: varwidth 2009/03/30 ver 0.92;  Variable-width minipages
\@vwid@box=\box33
\sift@deathcycles=\count110
\@vwid@loff=\dimen128
\@vwid@roff=\dimen129
) (./sphinxmulticell.sty
Package: sphinxmulticell 2017/02/23 v1.6 better span rows and columns of a tabl
e (Sphinx team)
\sphinx@TY@tablewidth=\dimen130
) (/usr/share/texlive/texmf-dist/tex/latex/base/makeidx.sty
Package: makeidx 2014/09/29 v1.0m Standard LaTeX package
) (/usr/share/texlive/texmf-dist/tex/latex/framed/framed.sty
Package: framed 2011/10/22 v 0.96: framed or shaded text with page breaks
\OuterFrameSep=\skip70
\fb@frw=\dimen131
\fb@frh=\dimen132
\FrameRule=\dimen133
\FrameSep=\dimen134
) (/usr/share/texlive/texmf-dist/tex/latex/xcolor/xcolor.sty
Package: xcolor 2016/05/11 v2.12 LaTeX color extensions (UK)
(/usr/share/texlive/texmf-dist/tex/latex/graphics-cfg/color.cfg
File: color.cfg 2016/01/02 v1.6 sample color configuration
)
Package xcolor Info: Driver file: xetex.def on input line 225.
Package xcolor Info: Model `cmy' substituted by `cmy0' on input line 1348.
Package xcolor Info: Model `RGB' extended on input line 1364.
Package xcolor Info: Model `HTML' substituted by `rgb' on input line 1366.
Package xcolor Info: Model `Hsb' substituted by `hsb' on input line 1367.
Package xcolor Info: Model `tHsb' substituted by `hsb' on input line 1368.
Package xcolor Info: Model `HSB' substituted by `hsb' on input line 1369.
Package xcolor Info: Model `Gray' substituted by `gray' on input line 1370.
Package xcolor Info: Model `wave' substituted by `hsb' on input line 1371.
) (/usr/share/texlive/texmf-dist/tex/latex/fancyvrb/fancyvrb.sty
Package: fancyvrb 2008/02/07

Style option: `fancyvrb' v2.7a, with DG/SPQR fixes, and firstline=lastline fix 
<2008/02/07> (tvz)
\FV@CodeLineNo=\count111
\FV@InFile=\read1
\FV@TabBox=\box34
\c@FancyVerbLine=\count112
\FV@StepNumber=\count113
\FV@OutFile=\write3
) (./footnotehyper-sphinx.sty
Package: footnotehyper-sphinx 2017/10/27 v1.7 hyperref aware footnote.sty for s
phinx (JFB)
\FNH@notes=\box35
\FNH@width=\dimen135
) (/usr/share/texlive/texmf-dist/tex/latex/float/float.sty
Package: float 2001/11/08 v1.3d Float enhancements (AL)
\c@float@type=\count114
\float@exts=\toks23
\float@box=\box36
\@float@everytoks=\toks24
\@floatcapt=\box37
) (/usr/share/texlive/texmf-dist/tex/latex/wrapfig/wrapfig.sty
\wrapoverhang=\dimen136
\WF@size=\dimen137
\c@WF@wrappedlines=\count115
\WF@box=\box38
\WF@everypar=\toks25
Package: wrapfig 2003/01/31  v 3.6
) (/usr/share/texlive/texmf-dist/tex/latex/parskip/parskip.sty
Package: parskip 2001/04/09 non-zero parskip adjustments
) (/usr/share/texlive/texmf-dist/tex/latex/base/alltt.sty
Package: alltt 1997/06/16 v2.0g defines alltt environment
) (/usr/share/texlive/texmf-dist/tex/latex/upquote/upquote.sty
Package: upquote 2012/04/19 v1.3 upright-quote and grave-accent glyphs in verba
tim
) (/usr/share/texlive/texmf-dist/tex/latex/capt-of/capt-of.sty
Package: capt-of 2009/12/29 v0.2 standard captions outside of floats
) (/usr/share/texlive/texmf-dist/tex/latex/needspace/needspace.sty
Package: needspace 2010/09/12 v1.3d reserve vertical space
) (/usr/share/texlive/texmf-dist/tex/latex/carlisle/remreset.sty) (./sphinxhigh
light.sty
Package: sphinxhighlight 2016/05/29 stylesheet for highlighting with pygments
) (/usr/share/texlive/texmf-dist/tex/latex/oberdiek/kvoptions.sty
Package: kvoptions 2016/05/16 v3.12 Key value format for package options (HO)
(/usr/share/texlive/texmf-dist/tex/generic/oberdiek/kvsetkeys.sty
Package: kvsetkeys 2016/05/16 v1.17 Key value parser (HO)
(/usr/share/texlive/texmf-dist/tex/generic/oberdiek/infwarerr.sty
Package: infwarerr 2016/05/16 v1.4 Providing info/warning/error messages (HO)
) (/usr/share/texlive/texmf-dist/tex/generic/oberdiek/etexcmds.sty
Package: etexcmds 2016/05/16 v1.6 Avoid name clashes with e-TeX commands (HO)
(/usr/share/texlive/texmf-dist/tex/generic/oberdiek/ifluatex.sty
Package: ifluatex 2016/05/16 v1.4 Provides the ifluatex switch (HO)
Package ifluatex Info: LuaTeX not detected.
)
Package etexcmds Info: Could not find \expanded.
(etexcmds)             That can mean that you are not using pdfTeX 1.50 or
(etexcmds)             that some package has redefined \expanded.
(etexcmds)             In the latter case, load this package earlier.
)))
\sphinxverbatimsep=\dimen138
\sphinxverbatimborder=\dimen139
\sphinxshadowsep=\dimen140
\sphinxshadowsize=\dimen141
\sphinxshadowrule=\dimen142
\spx@notice@border=\dimen143
\spx@image@maxheight=\dimen144
\spx@image@box=\dimen145
\c@literalblock=\count116
\sphinxcontinuationbox=\box39
\sphinxvisiblespacebox=\box40
\sphinxVerbatim@TitleBox=\box41
\py@argswidth=\skip71
\lineblockindentation=\skip72
\DUlineblockindent=\skip73
) (/usr/share/texlive/texmf-dist/tex/latex/geometry/geometry.sty
Package: geometry 2010/09/12 v5.6 Page Geometry
(/usr/share/texlive/texmf-dist/tex/generic/oberdiek/ifpdf.sty
Package: ifpdf 2017/03/15 v3.2 Provides the ifpdf switch
) (/usr/share/texlive/texmf-dist/tex/generic/oberdiek/ifvtex.sty
Package: ifvtex 2016/05/16 v1.6 Detect VTeX and its facilities (HO)
Package ifvtex Info: VTeX not detected.
) (/usr/share/texlive/texmf-dist/tex/generic/ifxetex/ifxetex.sty
Package: ifxetex 2010/09/12 v0.6 Provides ifxetex conditional
)
\Gm@cnth=\count117
\Gm@cntv=\count118
\c@Gm@tempcnt=\count119
\Gm@bindingoffset=\dimen146
\Gm@wd@mp=\dimen147
\Gm@odd@mp=\dimen148
\Gm@even@mp=\dimen149
\Gm@layoutwidth=\dimen150
\Gm@layoutheight=\dimen151
\Gm@layouthoffset=\dimen152
\Gm@layoutvoffset=\dimen153
\Gm@dimlist=\toks26
) (/usr/share/texlive/texmf-dist/tex/latex/hyperref/hyperref.sty
Package: hyperref 2018/02/06 v6.86b Hypertext links for LaTeX
(/usr/share/texlive/texmf-dist/tex/generic/oberdiek/hobsub-hyperref.sty
Package: hobsub-hyperref 2016/05/16 v1.14 Bundle oberdiek, subset hyperref (HO)

(/usr/share/texlive/texmf-dist/tex/generic/oberdiek/hobsub-generic.sty
Package: hobsub-generic 2016/05/16 v1.14 Bundle oberdiek, subset generic (HO)
Package: hobsub 2016/05/16 v1.14 Construct package bundles (HO)
Package hobsub Info: Skipping package `infwarerr' (already loaded).
Package hobsub Info: Skipping package `ltxcmds' (already loaded).
Package hobsub Info: Skipping package `ifluatex' (already loaded).
Package hobsub Info: Skipping package `ifvtex' (already loaded).
Package: intcalc 2016/05/16 v1.2 Expandable calculations with integers (HO)
Package hobsub Info: Skipping package `ifpdf' (already loaded).
Package hobsub Info: Skipping package `etexcmds' (already loaded).
Package hobsub Info: Skipping package `kvsetkeys' (already loaded).
Package: kvdefinekeys 2016/05/16 v1.4 Define keys (HO)
Package: pdftexcmds 2018/01/21 v0.26 Utility functions of pdfTeX for LuaTeX (HO
)
Package pdftexcmds Info: LuaTeX not detected.
Package pdftexcmds Info: pdfTeX >= 1.30 not detected.
Package pdftexcmds Info: \pdf@primitive is available.
Package pdftexcmds Info: \pdf@ifprimitive is available.
Package pdftexcmds Info: \pdfdraftmode not found.
Package: pdfescape 2016/05/16 v1.14 Implements pdfTeX's escape features (HO)
Package: bigintcalc 2016/05/16 v1.4 Expandable calculations on big integers (HO
)
Package: bitset 2016/05/16 v1.2 Handle bit-vector datatype (HO)
Package: uniquecounter 2016/05/16 v1.3 Provide unlimited unique counter (HO)
)
Package hobsub Info: Skipping package `hobsub' (already loaded).
Package: letltxmacro 2016/05/16 v1.5 Let assignment for LaTeX macros (HO)
Package: hopatch 2016/05/16 v1.3 Wrapper for package hooks (HO)
Package: xcolor-patch 2016/05/16 xcolor patch
Package: atveryend 2016/05/16 v1.9 Hooks at the very end of document (HO)
Package atveryend Info: \enddocument detected (standard20110627).
Package: atbegshi 2016/06/09 v1.18 At begin shipout hook (HO)
Package: refcount 2016/05/16 v3.5 Data extraction from label references (HO)
Package: hycolor 2016/05/16 v1.8 Color options for hyperref/bookmark (HO)
) (/usr/share/texlive/texmf-dist/tex/latex/oberdiek/auxhook.sty
Package: auxhook 2016/05/16 v1.4 Hooks for auxiliary files (HO)
)
\@linkdim=\dimen154
\Hy@linkcounter=\count120
\Hy@pagecounter=\count121
(/usr/share/texlive/texmf-dist/tex/latex/hyperref/pd1enc.def
File: pd1enc.def 2018/02/06 v6.86b Hyperref: PDFDocEncoding definition (HO)
)
\Hy@SavedSpaceFactor=\count122
(/usr/share/texlive/texmf-dist/tex/latex/latexconfig/hyperref.cfg
File: hyperref.cfg 2002/06/06 v1.2 hyperref configuration of TeXLive
)
Package hyperref Info: Option `unicode' set `true' on input line 4383.
(/usr/share/texlive/texmf-dist/tex/latex/hyperref/puenc.def
File: puenc.def 2018/02/06 v6.86b Hyperref: PDF Unicode definition (HO)
)
Package hyperref Info: Option `colorlinks' set `true' on input line 4383.
Package hyperref Info: Option `breaklinks' set `true' on input line 4383.
Package hyperref Info: Hyper figures OFF on input line 4509.
Package hyperref Info: Link nesting OFF on input line 4514.
Package hyperref Info: Hyper index ON on input line 4517.
Package hyperref Info: Plain pages OFF on input line 4524.
Package hyperref Info: Backreferencing OFF on input line 4529.
Package hyperref Info: Implicit mode ON; LaTeX internals redefined.
Package hyperref Info: Bookmarks ON on input line 4762.
\c@Hy@tempcnt=\count123
(/usr/share/texlive/texmf-dist/tex/latex/url/url.sty
\Urlmuskip=\muskip11
Package: url 2013/09/16  ver 3.4  Verb mode for urls, etc.
)
LaTeX Info: Redefining \url on input line 5115.
\XeTeXLinkMargin=\dimen155
\Fld@menulength=\count124
\Field@Width=\dimen156
\Fld@charsize=\dimen157
Package hyperref Info: Hyper figures OFF on input line 6369.
Package hyperref Info: Link nesting OFF on input line 6374.
Package hyperref Info: Hyper index ON on input line 6377.
Package hyperref Info: backreferencing OFF on input line 6384.
Package hyperref Info: Link coloring ON on input line 6387.
Package hyperref Info: Link coloring with OCG OFF on input line 6394.
Package hyperref Info: PDF/A mode OFF on input line 6399.
LaTeX Info: Redefining \ref on input line 6439.
LaTeX Info: Redefining \pageref on input line 6443.
\Hy@abspage=\count125
\c@Item=\count126
\c@Hfootnote=\count127
)
Package hyperref Info: Driver (autodetected): hxetex.
(/usr/share/texlive/texmf-dist/tex/latex/hyperref/hxetex.def
File: hxetex.def 2018/02/06 v6.86b Hyperref driver for XeTeX
(/usr/share/texlive/texmf-dist/tex/generic/oberdiek/stringenc.sty
Package: stringenc 2016/05/16 v1.11 Convert strings between diff. encodings (HO
)
)
\pdfm@box=\box42
\c@Hy@AnnotLevel=\count128
\HyField@AnnotCount=\count129
\Fld@listcount=\count130
\c@bookmark@seq@number=\count131
(/usr/share/texlive/texmf-dist/tex/latex/oberdiek/rerunfilecheck.sty
Package: rerunfilecheck 2016/05/16 v1.8 Rerun checks for auxiliary files (HO)
Package rerunfilecheck Info: Feature \pdfmdfivesum is not available
(rerunfilecheck)             (e.g. pdfTeX or LuaTeX with package `pdftexcmds').

(rerunfilecheck)             Therefore file contents cannot be checked efficien
tly
(rerunfilecheck)             and the loading of the package is aborted.
)
\Hy@SectionHShift=\skip74
) (/usr/share/texlive/texmf-dist/tex/latex/oberdiek/hypcap.sty
Package: hypcap 2016/05/16 v1.12 Adjusting the anchors of captions (HO)
) (./sphinxmessages.sty
Package: sphinxmessages 2019/01/04 v2.0 Localized LaTeX macros (Sphinx team)
) (/usr/share/texlive/texmf-dist/tex/latex/fontspec/fontspec.sty (/usr/share/te
xlive/texmf-dist/tex/latex/l3packages/xparse/xparse.sty (/usr/share/texlive/tex
mf-dist/tex/latex/l3kernel/expl3.sty
Package: expl3 2018/02/21 L3 programming layer (loader) 
(/usr/share/texlive/texmf-dist/tex/latex/l3kernel/expl3-code.tex
Package: expl3 2018/02/21 L3 programming layer (code)
\c_max_int=\count132
\l_tmpa_int=\count133
\l_tmpb_int=\count134
\g_tmpa_int=\count135
\g_tmpb_int=\count136
\g__intarray_font_int=\count137
\g__prg_map_int=\count138
\c_log_iow=\count139
\l_iow_line_count_int=\count140
\l__iow_line_target_int=\count141
\l__iow_one_indent_int=\count142
\l__iow_indent_int=\count143
\c_zero_dim=\dimen158
\c_max_dim=\dimen159
\l_tmpa_dim=\dimen160
\l_tmpb_dim=\dimen161
\g_tmpa_dim=\dimen162
\g_tmpb_dim=\dimen163
\c_zero_skip=\skip75
\c_max_skip=\skip76
\l_tmpa_skip=\skip77
\l_tmpb_skip=\skip78
\g_tmpa_skip=\skip79
\g_tmpb_skip=\skip80
\c_zero_muskip=\muskip12
\c_max_muskip=\muskip13
\l_tmpa_muskip=\muskip14
\l_tmpb_muskip=\muskip15
\g_tmpa_muskip=\muskip16
\g_tmpb_muskip=\muskip17
\l_keys_choice_int=\count144
\c__fp_leading_shift_int=\count145
\c__fp_middle_shift_int=\count146
\c__fp_trailing_shift_int=\count147
\c__fp_big_leading_shift_int=\count148
\c__fp_big_middle_shift_int=\count149
\c__fp_big_trailing_shift_int=\count150
\c__fp_Bigg_leading_shift_int=\count151
\c__fp_Bigg_middle_shift_int=\count152
\c__fp_Bigg_trailing_shift_int=\count153
\l__sort_length_int=\count154
\l__sort_min_int=\count155
\l__sort_top_int=\count156
\l__sort_max_int=\count157
\l__sort_true_max_int=\count158
\l__sort_block_int=\count159
\l__sort_begin_int=\count160
\l__sort_end_int=\count161
\l__sort_A_int=\count162
\l__sort_B_int=\count163
\l__sort_C_int=\count164
\l__tl_build_start_index_int=\count165
\l__tl_build_index_int=\count166
\l__tl_analysis_normal_int=\count167
\l__tl_analysis_index_int=\count168
\l__tl_analysis_nesting_int=\count169
\l__tl_analysis_type_int=\count170
\l__regex_internal_a_int=\count171
\l__regex_internal_b_int=\count172
\l__regex_internal_c_int=\count173
\l__regex_balance_int=\count174
\l__regex_group_level_int=\count175
\l__regex_mode_int=\count176
\c__regex_cs_in_class_mode_int=\count177
\c__regex_cs_mode_int=\count178
\l__regex_catcodes_int=\count179
\l__regex_default_catcodes_int=\count180
\c__regex_catcode_L_int=\count181
\c__regex_catcode_O_int=\count182
\c__regex_catcode_A_int=\count183
\c__regex_all_catcodes_int=\count184
\l__regex_show_lines_int=\count185
\l__regex_min_state_int=\count186
\l__regex_max_state_int=\count187
\l__regex_left_state_int=\count188
\l__regex_right_state_int=\count189
\l__regex_capturing_group_int=\count190
\l__regex_min_pos_int=\count191
\l__regex_max_pos_int=\count192
\l__regex_curr_pos_int=\count193
\l__regex_start_pos_int=\count194
\l__regex_success_pos_int=\count195
\l__regex_curr_char_int=\count196
\l__regex_curr_catcode_int=\count197
\l__regex_last_char_int=\count198
\l__regex_case_changed_char_int=\count199
\l__regex_curr_state_int=\count266
\l__regex_step_int=\count267
\l__regex_min_active_int=\count268
\l__regex_max_active_int=\count269
\l__regex_replacement_csnames_int=\count270
\l__regex_match_count_int=\count271
\l__regex_min_submatch_int=\count272
\l__regex_submatch_int=\count273
\l__regex_zeroth_submatch_int=\count274
\g__regex_trace_regex_int=\count275
\c_empty_box=\box43
\l_tmpa_box=\box44
\l_tmpb_box=\box45
\g_tmpa_box=\box46
\g_tmpb_box=\box47
\l__box_top_dim=\dimen164
\l__box_bottom_dim=\dimen165
\l__box_left_dim=\dimen166
\l__box_right_dim=\dimen167
\l__box_top_new_dim=\dimen168
\l__box_bottom_new_dim=\dimen169
\l__box_left_new_dim=\dimen170
\l__box_right_new_dim=\dimen171
\l__box_internal_box=\box48
\l__coffin_internal_box=\box49
\l__coffin_internal_dim=\dimen172
\l__coffin_offset_x_dim=\dimen173
\l__coffin_offset_y_dim=\dimen174
\l__coffin_x_dim=\dimen175
\l__coffin_y_dim=\dimen176
\l__coffin_x_prime_dim=\dimen177
\l__coffin_y_prime_dim=\dimen178
\c_empty_coffin=\box50
\l__coffin_aligned_coffin=\box51
\l__coffin_aligned_internal_coffin=\box52
\l_tmpa_coffin=\box53
\l_tmpb_coffin=\box54
\l__coffin_display_coffin=\box55
\l__coffin_display_coord_coffin=\box56
\l__coffin_display_pole_coffin=\box57
\l__coffin_display_offset_dim=\dimen179
\l__coffin_display_x_dim=\dimen180
\l__coffin_display_y_dim=\dimen181
\l__coffin_bounding_shift_dim=\dimen182
\l__coffin_left_corner_dim=\dimen183
\l__coffin_right_corner_dim=\dimen184
\l__coffin_bottom_corner_dim=\dimen185
\l__coffin_top_corner_dim=\dimen186
\l__coffin_scaled_total_height_dim=\dimen187
\l__coffin_scaled_width_dim=\dimen188
) (/usr/share/texlive/texmf-dist/tex/latex/l3kernel/l3xdvipdfmx.def
File: l3xdvidpfmx.def 2017/03/18 v L3 Experimental driver: xdvipdfmx
\g__driver_image_int=\count276
\l__driver_tmp_box=\box58
))
Package: xparse 2018/02/21 L3 Experimental document command parser
\l__xparse_current_arg_int=\count277
\g__xparse_grabber_int=\count278
\l__xparse_m_args_int=\count279
\l__xparse_mandatory_args_int=\count280
\l__xparse_v_nesting_int=\count281
)
Package: fontspec 2017/11/09 v2.6g Font selection for XeLaTeX and LuaLaTeX
(/usr/share/texlive/texmf-dist/tex/latex/fontspec/fontspec-xetex.sty
Package: fontspec-xetex 2017/11/09 v2.6g Font selection for XeLaTeX and LuaLaTe
X
\l__fontspec_script_int=\count282
\l__fontspec_language_int=\count283
\l__fontspec_strnum_int=\count284
\l__fontspec_tmp_int=\count285
\l__fontspec_em_int=\count286
\l__fontspec_emdef_int=\count287
\l__fontspec_strong_int=\count288
\l__fontspec_strongdef_int=\count289
\l__fontspec_tmpa_dim=\dimen189
\l__fontspec_tmpb_dim=\dimen190
\l__fontspec_tmpc_dim=\dimen191
\g__file_internal_ior=\read2
(/usr/share/texlive/texmf-dist/tex/latex/base/fontenc.sty
Package: fontenc 2017/04/05 v2.0i Standard LaTeX package
(/usr/share/texlive/texmf-dist/tex/latex/base/tuenc.def
File: tuenc.def 2017/04/05 v2.0i Standard LaTeX file
LaTeX Font Info:    Redeclaring font encoding TU on input line 82.
))
.................................................
. LaTeX info: "xparse/define-command"
. 
. Defining command \fontspec with sig. 'O{}mO{}' on line 542.
.................................................
.................................................
. LaTeX info: "xparse/define-command"
. 
. Defining command \setmainfont with sig. 'O{}mO{}' on line 546.
.................................................
.................................................
. LaTeX info: "xparse/define-command"
. 
. Defining command \setsansfont with sig. 'O{}mO{}' on line 550.
.................................................
.................................................
. LaTeX info: "xparse/define-command"
. 
. Defining command \setmonofont with sig. 'O{}mO{}' on line 554.
.................................................
.................................................
. LaTeX info: "xparse/define-command"
. 
. Defining command \setmathrm with sig. 'O{}mO{}' on line 558.
.................................................
.................................................
. LaTeX info: "xparse/define-command"
. 
. Defining command \setboldmathrm with sig. 'O{}mO{}' on line 562.
.................................................
.................................................
. LaTeX info: "xparse/define-command"
. 
. Defining command \setmathsf with sig. 'O{}mO{}' on line 566.
.................................................
.................................................
. LaTeX info: "xparse/define-command"
. 
. Defining command \setmathtt with sig. 'O{}mO{}' on line 570.
.................................................
.................................................
. LaTeX info: "xparse/define-command"
. 
. Defining command \setromanfont with sig. 'O{}mO{}' on line 574.
.................................................
.................................................
. LaTeX info: "xparse/define-command"
. 
. Defining command \newfontfamily with sig. 'mO{}mO{}' on line 578.
.................................................
.................................................
. LaTeX info: "xparse/define-command"
. 
. Defining command \newfontface with sig. 'mO{}mO{}' on line 582.
.................................................
.................................................
. LaTeX info: "xparse/define-command"
. 
. Defining command \defaultfontfeatures with sig. 't+om' on line 586.
.................................................
.................................................
. LaTeX info: "xparse/define-command"
. 
. Defining command \addfontfeatures with sig. 'm' on line 590.
.................................................
.................................................
. LaTeX info: "xparse/define-command"
. 
. Defining command \addfontfeature with sig. 'm' on line 594.
.................................................
.................................................
. LaTeX info: "xparse/define-command"
. 
. Defining command \newfontfeature with sig. 'mm' on line 598.
.................................................
.................................................
. LaTeX info: "xparse/define-command"
. 
. Defining command \newAATfeature with sig. 'mmmm' on line 602.
.................................................
.................................................
. LaTeX info: "xparse/define-command"
. 
. Defining command \newopentypefeature with sig. 'mmm' on line 606.
.................................................
.................................................
. LaTeX info: "xparse/define-command"
. 
. Defining command \newICUfeature with sig. 'mmm' on line 610.
.................................................
.................................................
. LaTeX info: "xparse/define-command"
. 
. Defining command \aliasfontfeature with sig. 'mm' on line 614.
.................................................
.................................................
. LaTeX info: "xparse/define-command"
. 
. Defining command \aliasfontfeatureoption with sig. 'mmm' on line 618.
.................................................
.................................................
. LaTeX info: "xparse/define-command"
. 
. Defining command \newfontscript with sig. 'mm' on line 622.
.................................................
.................................................
. LaTeX info: "xparse/define-command"
. 
. Defining command \newfontlanguage with sig. 'mm' on line 626.
.................................................
.................................................
. LaTeX info: "xparse/define-command"
. 
. Defining command \DeclareFontsExtensions with sig. 'm' on line 630.
.................................................
.................................................
. LaTeX info: "xparse/define-command"
. 
. Defining command \IfFontFeatureActiveTF with sig. 'mmm' on line 634.
.................................................
.................................................
. LaTeX info: "xparse/define-command"
. 
. Defining command \EncodingCommand with sig. 'mO{}m' on line 3632.
.................................................
.................................................
. LaTeX info: "xparse/define-command"
. 
. Defining command \EncodingAccent with sig. 'mm' on line 3638.
.................................................
.................................................
. LaTeX info: "xparse/define-command"
. 
. Defining command \EncodingSymbol with sig. 'mm' on line 3644.
.................................................
.................................................
. LaTeX info: "xparse/define-command"
. 
. Defining command \EncodingComposite with sig. 'mmm' on line 3650.
.................................................
.................................................
. LaTeX info: "xparse/define-command"
. 
. Defining command \EncodingCompositeCommand with sig. 'mmm' on line 3656.
.................................................
.................................................
. LaTeX info: "xparse/define-command"
. 
. Defining command \DeclareUnicodeEncoding with sig. 'mm' on line 3681.
.................................................
.................................................
. LaTeX info: "xparse/define-command"
. 
. Defining command \UndeclareSymbol with sig. 'm' on line 3687.
.................................................
.................................................
. LaTeX info: "xparse/define-command"
. 
. Defining command \UndeclareAccent with sig. 'm' on line 3693.
.................................................
.................................................
. LaTeX info: "xparse/define-command"
. 
. Defining command \UndeclareCommand with sig. 'm' on line 3699.
.................................................
.................................................
. LaTeX info: "xparse/define-command"
. 
. Defining command \UndeclareComposite with sig. 'mm' on line 3706.
.................................................
(/usr/share/texlive/texmf-dist/tex/latex/fontspec/fontspec.cfg)
LaTeX Info: Redefining \itshape on input line 3891.
LaTeX Info: Redefining \slshape on input line 3896.
LaTeX Info: Redefining \scshape on input line 3901.
LaTeX Info: Redefining \upshape on input line 3906.
LaTeX Info: Redefining \em on input line 3936.
LaTeX Info: Redefining \emph on input line 3961.
LaTeX Info: Redefining \- on input line 4015.
.................................................
. LaTeX info: "xparse/redefine-command"
. 
. Redefining command \oldstylenums with sig. 'm' on line 4110.
.................................................
.................................................
. LaTeX info: "xparse/define-command"
. 
. Defining command \liningnums with sig. 'm' on line 4114.
.................................................
))
\g__fontspec_family_DejaVuSansMono_int=\count290
.................................................
. fontspec info: "defining-font"
. 
. Font family 'DejaVuSansMono(0)' created for font 'DejaVu Sans Mono' with
. options [WordSpace={1,0,0},HyphenChar=None,PunctuationSpace=WordSpace].
.  
.  This font family consists of the following NFSS series/shapes:
.  
. - 'normal' (m/n) with NFSS spec.: <->"DejaVu Sans
. Mono/OT:script=latn;language=DFLT;"
. - 'small caps'  (m/sc) with NFSS spec.: 
. and font adjustment code:
. \fontdimen 2\font =1\fontdimen 2\font \fontdimen 3\font =0\fontdimen 3\font
. \fontdimen 4\font =0\fontdimen 4\font \fontdimen 7\font =0\fontdimen 2\font
. \tex_hyphenchar:D \font =-1\scan_stop: 
. - 'bold' (bx/n) with NFSS spec.: <->"DejaVu Sans
. Mono/B/OT:script=latn;language=DFLT;"
. - 'bold small caps'  (bx/sc) with NFSS spec.: 
. and font adjustment code:
. \fontdimen 2\font =1\fontdimen 2\font \fontdimen 3\font =0\fontdimen 3\font
. \fontdimen 4\font =0\fontdimen 4\font \fontdimen 7\font =0\fontdimen 2\font
. \tex_hyphenchar:D \font =-1\scan_stop: 
. - 'italic' (m/it) with NFSS spec.: <->"DejaVu Sans
. Mono/I/OT:script=latn;language=DFLT;"
. - 'italic small caps'  (m/itsc) with NFSS spec.: 
. and font adjustment code:
. \fontdimen 2\font =1\fontdimen 2\font \fontdimen 3\font =0\fontdimen 3\font
. \fontdimen 4\font =0\fontdimen 4\font \fontdimen 7\font =0\fontdimen 2\font
. \tex_hyphenchar:D \font =-1\scan_stop: 
. - 'bold italic' (bx/it) with NFSS spec.: <->"DejaVu Sans
. Mono/BI/OT:script=latn;language=DFLT;"
. - 'bold italic small caps'  (bx/itsc) with NFSS spec.: 
. and font adjustment code:
. \fontdimen 2\font =1\fontdimen 2\font \fontdimen 3\font =0\fontdimen 3\font
. \fontdimen 4\font =0\fontdimen 4\font \fontdimen 7\font =0\fontdimen 2\font
. \tex_hyphenchar:D \font =-1\scan_stop: 
.................................................
LaTeX Info: Redefining \ttfamily on input line 61.
(/usr/share/texlive/texmf-dist/tex/xelatex/xecjk/xeCJK.sty
Package: xeCJK 2018/02/27 v3.6.1 Typesetting CJK scripts with XeLaTeX
(/usr/share/texlive/texmf-dist/tex/latex/l3packages/xtemplate/xtemplate.sty
Package: xtemplate 2018/02/21 L3 Experimental prototype document functions
\l__xtemplate_tmp_dim=\dimen192
\l__xtemplate_tmp_int=\count291
\l__xtemplate_tmp_muskip=\muskip18
\l__xtemplate_tmp_skip=\skip81
) (/usr/share/texlive/texmf-dist/tex/latex/l3packages/l3keys2e/l3keys2e.sty
Package: l3keys2e 2018/02/21 LaTeX2e option processing using LaTeX3 keys
)
\l__xeCJK_tmp_int=\count292
\l__xeCJK_tmp_box=\box59
\l__xeCJK_tmp_dim=\dimen193
\l__xeCJK_tmp_skip=\skip82
.................................................
. LaTeX info: "xparse/define-command"
. 
. Defining command \xeCJKShipoutHook with sig. '' on line 150.
.................................................
\g__xeCJK_space_factor_int=\count293
\l__xeCJK_begin_int=\count294
\l__xeCJK_end_int=\count295
.................................................
. LaTeX info: "xparse/define-command"
. 
. Defining command \makexeCJKactive with sig. '' on line 394.
.................................................
.................................................
. LaTeX info: "xparse/define-command"
. 
. Defining command \makexeCJKinactive with sig. '' on line 396.
.................................................
\c__xeCJK_CJK_class_int=\XeTeXcharclass1
\c__xeCJK_FullLeft_class_int=\XeTeXcharclass2
\c__xeCJK_FullRight_class_int=\XeTeXcharclass3
\c__xeCJK_HalfLeft_class_int=\XeTeXcharclass4
\c__xeCJK_HalfRight_class_int=\XeTeXcharclass5
\c__xeCJK_NormalSpace_class_int=\XeTeXcharclass6
\c__xeCJK_CM_class_int=\XeTeXcharclass7
\c__xeCJK_HangulJamo_class_int=\XeTeXcharclass8
.................................................
. LaTeX info: "xparse/define-command"
. 
. Defining command \xeCJKDeclareCharClass with sig. 's>{\TrimSpaces }mm' on
. line 578.
.................................................
.................................................
. LaTeX info: "xparse/define-command"
. 
. Defining command \__xeCJK_set_char_class_aux:Nnw with sig.
. 'm>{\SplitArgument {1}{->}}m' on line 599.
.................................................
.................................................
. LaTeX info: "xparse/define-command"
. 
. Defining command \normalspacedchars with sig. 'm' on line 645.
.................................................
.................................................
. LaTeX info: "xparse/define-command"
. 
. Defining command \xeCJKResetPunctClass with sig. '' on line 656.
.................................................
.................................................
. LaTeX info: "xparse/define-command"
. 
. Defining command \xeCJKResetCharClass with sig. '' on line 668.
.................................................
\l__xeCJK_last_skip=\skip83
\g__xeCJK_node_int=\count296
\c__xeCJK_CJK_node_dim=\dimen194
\c__xeCJK_CJK-space_node_dim=\dimen195
\c__xeCJK_default_node_dim=\dimen196
\c__xeCJK_default-space_node_dim=\dimen197
\c__xeCJK_CJK-widow_node_dim=\dimen198
\c__xeCJK_normalspace_node_dim=\dimen199
\l__xeCJK_ccglue_skip=\skip84
\l__xeCJK_ecglue_skip=\skip85
\l__xeCJK_punct_kern_skip=\skip86
\l__xeCJK_last_penalty_int=\count297
\l__xeCJK_last_bound_dim=\dimen256
\l__xeCJK_last_kern_dim=\dimen257
.................................................
. LaTeX info: "xparse/define-command"
. 
. Defining command \xeCJKnobreak with sig. '' on line 1887.
.................................................
\l__xeCJK_widow_penalty_int=\count298
.................................................
. LaTeX info: "xparse/define-command"
. 
. Defining command \xeCJKDeclareSubCJKBlock with sig. 's>{\TrimSpaces }mm' on
. line 2082.
.................................................
.................................................
. LaTeX info: "xparse/define-command"
. 
. Defining command \xeCJKCancelSubCJKBlock with sig. 'sm' on line 2093.
.................................................
.................................................
. LaTeX info: "xparse/define-command"
. 
. Defining command \xeCJKRestoreSubCJKBlock with sig. 'sm' on line 2102.
.................................................
.................................................
. LaTeX info: "xparse/define-command"
. 
. Defining command \xeCJKsetwidth with sig. 'smm' on line 2200.
.................................................
.................................................
. LaTeX info: "xparse/define-command"
. 
. Defining command \xeCJKsetkern with sig. 'mmm' on line 2204.
.................................................
.................................................
. xtemplate info: "declare-object-type"
. 
. Declaring object type 'xeCJK/punctuation' taking 0 argument(s) on line 2360.
.................................................
\l__xeCJK_fixed_punct_width_dim=\dimen258
\l__xeCJK_mixed_punct_width_dim=\dimen259
\l__xeCJK_middle_punct_width_dim=\dimen260
\l__xeCJK_fixed_margin_width_dim=\dimen261
\l__xeCJK_mixed_margin_width_dim=\dimen262
\l__xeCJK_middle_margin_width_dim=\dimen263
\l__xeCJK_bound_punct_width_dim=\dimen264
\l__xeCJK_bound_margin_width_dim=\dimen265
\l__xeCJK_margin_minimum_dim=\dimen266
\l__xeCJK_kerning_total_width_dim=\dimen267
\l__xeCJK_same_align_margin_dim=\dimen268
\l__xeCJK_different_align_margin_dim=\dimen269
\l__xeCJK_kerning_margin_width_dim=\dimen270
\l__xeCJK_kerning_margin_minimum_dim=\dimen271
\l__xeCJK_bound_dim=\dimen272
\l__xeCJK_reverse_bound_dim=\dimen273
\l__xeCJK_minimum_bound_dim=\dimen274
\l__xeCJK_kerning_margin_dim=\dimen275
\l__xeCJK_original_margin_dim=\dimen276
.................................................
. LaTeX info: "xparse/define-command"
. 
. Defining command \xeCJKDeclarePunctStyle with sig. '>{\TrimSpaces }mm' on
. line 2916.
.................................................
.................................................
. LaTeX info: "xparse/define-command"
. 
. Defining command \xeCJKEditPunctStyle with sig. '>{\TrimSpaces }mm' on line
. 2929.
.................................................
.................................................
. LaTeX info: "xparse/define-command"
. 
. Defining command \setCJKfallbackfamilyfont with sig. 'mom' on line 3033.
.................................................
\g__xeCJK_family_int=\count299
.................................................
. LaTeX info: "xparse/define-command"
. 
. Defining command \CJKfamily with sig. 't+t-m' on line 3467.
.................................................
.................................................
. LaTeX info: "xparse/define-command"
. 
. Defining command \__xeCJK_gobble_CJKfamily:wn with sig. 't+t-m' on line
. 3532.
.................................................
.................................................
. LaTeX info: "xparse/define-command"
. 
. Defining command \__xeCJK_post_arg:w with sig. 'mmmO{}' on line 3592.
.................................................
.................................................
. LaTeX info: "xparse/define-command"
. 
. Defining command \setCJKmainfont with sig. 'om' on line 3598.
.................................................
.................................................
. LaTeX info: "xparse/define-command"
. 
. Defining command \setCJKsansfont with sig. 'om' on line 3605.
.................................................
.................................................
. LaTeX info: "xparse/define-command"
. 
. Defining command \setCJKmonofont with sig. 'om' on line 3611.
.................................................
.................................................
. LaTeX info: "xparse/define-command"
. 
. Defining command \setCJKfamilyfont with sig. 'mom' on line 3622.
.................................................
.................................................
. LaTeX info: "xparse/define-command"
. 
. Defining command \newCJKfontfamily with sig. 'omom' on line 3632.
.................................................
.................................................
. LaTeX info: "xparse/define-command"
. 
. Defining command \CJKfontspec with sig. 'om' on line 3638.
.................................................
.................................................
. LaTeX info: "xparse/define-command"
. 
. Defining command \defaultCJKfontfeatures with sig. 'm' on line 3661.
.................................................
.................................................
. LaTeX info: "xparse/define-command"
. 
. Defining command \addCJKfontfeatures with sig. 'sO{}m' on line 3667.
.................................................
.................................................
. LaTeX info: "xparse/define-command"
. 
. Defining command \setCJKmathfont with sig. 'om' on line 3844.
.................................................
\l__xeCJK_fam_int=\count300
\g__xeCJK_fam_allocation_int=\count301
\l__xeCJK_verb_case_int=\count302
.................................................
. LaTeX info: "xparse/define-command"
. 
. Defining command \xeCJKVerbAddon with sig. '' on line 4091.
.................................................
.................................................
. LaTeX info: "xparse/define-command"
. 
. Defining command \xeCJKOffVerbAddon with sig. '' on line 4095.
.................................................
\l__xeCJK_verb_exspace_skip=\skip87
(/usr/share/texlive/texmf-dist/tex/xelatex/xecjk/xunicode-addon.sty
Package: xunicode-addon 2018/02/27 v3.6.1 addon file for xunicode
(/usr/share/texlive/texmf-dist/tex/xelatex/xunicode/xunicode.sty
File: xunicode.sty 2011/09/09 v0.981 provides access to latin accents and many 
other characters in Unicode lower plane
(/usr/share/texmf/tex/latex/tipa/t3enc.def
File: t3enc.def 2001/12/31 T3 encoding
)
\tipaTiiicode=\count303
\tipasavetokens=\toks27
\tipachecktokens=\toks28
)
.................................................
. LaTeX info: "xparse/redefine-command"
. 
. Redefining command \ReloadXunicode with sig. 'm' on line 82.
.................................................
.................................................
. LaTeX info: "xparse/redefine-command"
. 
. Redefining command \DeclareUTFmathsymbols with sig. 'm' on line 127.
.................................................
.................................................
. LaTeX info: "xparse/redefine-command"
. 
. Redefining command \UseMathAsText with sig. '' on line 136.
.................................................
.................................................
. LaTeX info: "xparse/redefine-command"
. 
. Redefining command \UndeclareUTFcharacter with sig. 'O{\UTFencname }mm' on
. line 171.
.................................................
.................................................
. LaTeX info: "xparse/redefine-command"
. 
. Redefining command \UndeclareUTFcomposite with sig. 'O{\UTFencname }mmm' on
. line 178.
.................................................
.................................................
. LaTeX info: "xparse/redefine-command"
. 
. Redefining command \DeclareUTFcharacter with sig. 'O{\UTFencname }mm' on
. line 209.
.................................................
.................................................
. LaTeX info: "xparse/define-command"
. 
. Defining command \DeclareUTFSymbol with sig. 'mO{\UTFencname }m' on line
. 235.
.................................................
.................................................
. LaTeX info: "xparse/define-command"
. 
. Defining command \DeclareUTFCommand with sig. 'mO{\UTFencname }m' on line
. 237.
.................................................
.................................................
. LaTeX info: "xparse/redefine-command"
. 
. Redefining command \DeclareUTFcomposite with sig. 'O{\UTFencname }mmm' on
. line 282.
.................................................
.................................................
. LaTeX info: "xparse/define-command"
. 
. Defining command \DeclareUTFCompositeCommand with sig. 'mO{\UTFencname }mm'
. on line 295.
.................................................
.................................................
. LaTeX info: "xparse/define-command"
. 
. Defining command \DeclareUTFCompositeSymbol with sig. 'mO{\UTFencname }mm'
. on line 300.
.................................................
.................................................
. LaTeX info: "xparse/define-command"
. 
. Defining command \DeclareUTFComposite with sig. 'mO{\UTFencname }' on line
. 302.
.................................................
.................................................
. LaTeX info: "xparse/define-command"
. 
. Defining command \DeclareUTFEncodedAccent with sig. 'mO{\UTFencname }mm' on
. line 304.
.................................................
.................................................
. LaTeX info: "xparse/define-command"
. 
. Defining command \DeclareUTFEncodedAccents with sig. 'mO{\UTFencname }mm' on
. line 306.
.................................................
.................................................
. LaTeX info: "xparse/define-command"
. 
. Defining command \DeclareUTFEncodedSymbol with sig. 'mO{\UTFencname }mm' on
. line 308.
.................................................
.................................................
. LaTeX info: "xparse/define-command"
. 
. Defining command \DeclareUTFEncodedCircle with sig. 'mO{\UTFencname }mm' on
. line 310.
.................................................
.................................................
. LaTeX info: "xparse/redefine-command"
. 
. Redefining command \DeclareEncodedCompositeCharacter with sig. 'mmmm' on
. line 312.
.................................................
.................................................
. LaTeX info: "xparse/redefine-command"
. 
. Redefining command \DeclareEncodedCompositeAccents with sig. 'mmmm' on line
. 314.
.................................................
.................................................
. LaTeX info: "xparse/define-command"
. 
. Defining command \DeclareUTFDoubleEncodedAccent with sig. 'mO{\UTFencname
. }mm' on line 316.
.................................................
.................................................
. LaTeX info: "xparse/define-command"
. 
. Defining command \DeclareUTFDoubleEncodedSymbol with sig. 'mO{\UTFencname
. }mm' on line 318.
.................................................
\l__xunadd_tmp_coffin=\box60
\l__xunadd_circle_coffin=\box61
.................................................
. LaTeX info: "xparse/define-command"
. 
. Defining command \settextcircledratio with sig. 'm' on line 467.
.................................................
.................................................
. LaTeX info: "xparse/define-command"
. 
. Defining command \AtBeginUTFCommand with sig. 'sO{}+m' on line 536.
.................................................
.................................................
. LaTeX info: "xparse/define-command"
. 
. Defining command \AtEndUTFCommand with sig. 'sO{}+m' on line 546.
.................................................
.................................................
. LaTeX info: "xparse/define-command"
. 
. Defining command \DeclareUTFTIPACommand with sig. 'O{\UTFencname }m' on line
. 578.
.................................................
) (/usr/share/texlive/texmf-dist/tex/xelatex/xunicode/xunicode.sty
File: xunicode.sty 2011/09/09 v0.981 provides access to latin accents and many 
other characters in Unicode lower plane
*** Reloading Xunicode for encoding 'TU' ***
) (/usr/share/texlive/texmf-dist/tex/xelatex/xecjk/xunicode-extra.def
File: xunicode-extra.def 2018/02/27 v3.6.1 extra definition for xunicode
)
.................................................
. LaTeX info: "xparse/define-command"
. 
. Defining command \xeCJKsetup with sig. '+m' on line 4397.
.................................................
.................................................
. LaTeX info: "xparse/define-command"
. 
. Defining command \xeCJKsetemboldenfactor with sig. 'm' on line 4399.
.................................................
.................................................
. LaTeX info: "xparse/define-command"
. 
. Defining command \xeCJKsetslantfactor with sig. 'm' on line 4401.
.................................................
.................................................
. LaTeX info: "xparse/define-command"
. 
. Defining command \punctstyle with sig. 'm' on line 4402.
.................................................
.................................................
. LaTeX info: "xparse/define-command"
. 
. Defining command \xeCJKplainchr with sig. '' on line 4403.
.................................................
.................................................
. LaTeX info: "xparse/define-command"
. 
. Defining command \CJKsetecglue with sig. 'm' on line 4404.
.................................................
.................................................
. LaTeX info: "xparse/define-command"
. 
. Defining command \CJKspace with sig. '' on line 4406.
.................................................
.................................................
. LaTeX info: "xparse/define-command"
. 
. Defining command \CJKnospace with sig. '' on line 4407.
.................................................
.................................................
. LaTeX info: "xparse/define-command"
. 
. Defining command \xeCJKallowbreakbetweenpuncts with sig. '' on line 4409.
.................................................
.................................................
. LaTeX info: "xparse/define-command"
. 
. Defining command \xeCJKnobreakbetweenpuncts with sig. '' on line 4411.
.................................................
.................................................
. LaTeX info: "xparse/define-command"
. 
. Defining command \xeCJKenablefallback with sig. '' on line 4413.
.................................................
.................................................
. LaTeX info: "xparse/define-command"
. 
. Defining command \xeCJKdisablefallback with sig. '' on line 4415.
.................................................
.................................................
. LaTeX info: "xparse/define-command"
. 
. Defining command \xeCJKsetcharclass with sig. 'mmm' on line 4420.
.................................................
.................................................
. LaTeX info: "xparse/redefine-command"
. 
. Redefining command \nobreakspace with sig. '' on line 4566.
.................................................
.................................................
. LaTeX info: "xparse/redefine-command"
. 
. Redefining command \fontfamily with sig. 'm' on line 4606.
.................................................
(/usr/share/texlive/texmf-dist/tex/xelatex/xecjk/xeCJK.cfg
File: xeCJK.cfg 2018/02/27 v3.6.1 Configuration file for xeCJK package
))
\g__fontspec_family_SimSun_int=\count304
.................................................
. fontspec info: "no-font-shape"
. 
. Could not resolve font "SimSun/BI" (it probably doesn't exist).
.................................................
.................................................
. fontspec info: "no-font-shape"
. 
. Could not resolve font "SimSun/B" (it probably doesn't exist).
.................................................
.................................................
. fontspec info: "no-font-shape"
. 
. Could not resolve font "SimSun/I" (it probably doesn't exist).
.................................................
.................................................
. fontspec info: "defining-font"
. 
. Font family 'SimSun(0)' created for font 'SimSun' with options
. [Script={CJK}].
.  
.  This font family consists of the following NFSS series/shapes:
.  
. - 'normal' (m/n) with NFSS spec.: <->"SimSun/OT:script=hani;language=DFLT;"
. - 'small caps'  (m/sc) with NFSS spec.: 
.................................................
(/usr/share/texlive/texmf-dist/tex/latex/silence/silence.sty
Package: silence 2012/07/02 v1.5b Selective filtering of warnings and error mes
sages
\sl@Save=\count305
\sl@StateNumber=\count306
\sl@MessageCount=\count307
\sl@Casualties=\count308
\sl@Filter=\toks29
\sl@Message=\toks30
\sl@UnexpandedMessage=\toks31
\sl@Mess@ge=\toks32
\sl@WarningCount=\count309
\sl@WarningNumber=\count310
\sl@WarningCasualties=\count311
\sl@TempBOW=\toks33
\sl@BankOfWarnings=\toks34
LaTeX Info: Redefining \GenericWarning on input line 433.
\sl@ErrorCount=\count312
\sl@ErrorNumber=\count313
\sl@ErrorCasualties=\count314
\sl@TempBOE=\toks35
\sl@BankOfErrors=\toks36
LaTeX Info: Redefining \GenericError on input line 601.
)
\@indexfile=\write4
\openout4 = `LittlevGL.idx'.

Writing index file LittlevGL.idx
(./LittlevGL.aux)
\openout1 = `LittlevGL.aux'.

LaTeX Font Info:    Checking defaults for OML/cmm/m/it on input line 75.
LaTeX Font Info:    ... okay on input line 75.
LaTeX Font Info:    Checking defaults for T1/cmr/m/n on input line 75.
LaTeX Font Info:    ... okay on input line 75.
LaTeX Font Info:    Checking defaults for OT1/cmr/m/n on input line 75.
LaTeX Font Info:    ... okay on input line 75.
LaTeX Font Info:    Checking defaults for OMS/cmsy/m/n on input line 75.
LaTeX Font Info:    ... okay on input line 75.
LaTeX Font Info:    Checking defaults for TU/lmr/m/n on input line 75.
LaTeX Font Info:    ... okay on input line 75.
LaTeX Font Info:    Checking defaults for OMX/cmex/m/n on input line 75.
LaTeX Font Info:    ... okay on input line 75.
LaTeX Font Info:    Checking defaults for U/cmr/m/n on input line 75.
LaTeX Font Info:    ... okay on input line 75.
LaTeX Font Info:    Checking defaults for TS1/cmr/m/n on input line 75.
LaTeX Font Info:    Try loading font information for TS1+cmr on input line 75.
(/usr/share/texlive/texmf-dist/tex/latex/base/ts1cmr.fd
File: ts1cmr.fd 2014/09/29 v2.5h Standard LaTeX font definitions
)
LaTeX Font Info:    ... okay on input line 75.
LaTeX Font Info:    Checking defaults for PD1/pdf/m/n on input line 75.
LaTeX Font Info:    ... okay on input line 75.
LaTeX Font Info:    Checking defaults for PU/pdf/m/n on input line 75.
LaTeX Font Info:    ... okay on input line 75.
LaTeX Font Info:    Checking defaults for T3/cmr/m/n on input line 75.
LaTeX Font Info:    Try loading font information for T3+cmr on input line 75.
(/usr/share/texmf/tex/latex/tipa/t3cmr.fd
File: t3cmr.fd 2001/12/31 TIPA font definitions
)
LaTeX Font Info:    ... okay on input line 75.
*geometry* driver: auto-detecting
*geometry* detected driver: xetex
*geometry* verbose mode - [ preamble ] result:
* driver: xetex
* paper: letterpaper
* layout: <same size as paper>
* layoutoffset:(h,v)=(0.0pt,0.0pt)
* modes: 
* h-part:(L,W,R)=(72.26999pt, 469.75502pt, 72.26999pt)
* v-part:(T,H,B)=(72.26999pt, 650.43001pt, 72.26999pt)
* \paperwidth=614.295pt
* \paperheight=794.96999pt
* \textwidth=469.75502pt
* \textheight=650.43001pt
* \oddsidemargin=0.0pt
* \evensidemargin=0.0pt
* \topmargin=-37.0pt
* \headheight=12.0pt
* \headsep=25.0pt
* \topskip=10.0pt
* \footskip=30.0pt
* \marginparwidth=36.135pt
* \marginparsep=11.0pt
* \columnsep=10.0pt
* \skip\footins=9.0pt plus 4.0pt minus 2.0pt
* \hoffset=0.0pt
* \voffset=0.0pt
* \mag=1000
* \@twocolumnfalse
* \@twosidefalse
* \@mparswitchfalse
* \@reversemarginfalse
* (1in=72.27pt=25.4mm, 1cm=28.453pt)

\AtBeginShipoutBox=\box62
Package hyperref Info: Link coloring ON on input line 75.
(/usr/share/texlive/texmf-dist/tex/latex/hyperref/nameref.sty
Package: nameref 2016/05/21 v2.44 Cross-referencing by name of section
(/usr/share/texlive/texmf-dist/tex/generic/oberdiek/gettitlestring.sty
Package: gettitlestring 2016/05/16 v1.5 Cleanup title references (HO)
)
\c@section@level=\count315
)
LaTeX Info: Redefining \ref on input line 75.
LaTeX Info: Redefining \pageref on input line 75.
LaTeX Info: Redefining \nameref on input line 75.
(./LittlevGL.out) (./LittlevGL.out)
\@outlinefile=\write5
\openout5 = `LittlevGL.out'.

.................................................
. fontspec info: "setup-math"
. 
. Adjusting the maths setup (use [no-math] to avoid this).
.................................................
\symlegacymaths=\mathgroup6
LaTeX Font Info:    Overwriting symbol font `legacymaths' in version `bold'
(Font)                  OT1/cmr/m/n --> OT1/cmr/bx/n on input line 75.
LaTeX Font Info:    Redeclaring math accent \acute on input line 75.
LaTeX Font Info:    Redeclaring math accent \grave on input line 75.
LaTeX Font Info:    Redeclaring math accent \ddot on input line 75.
LaTeX Font Info:    Redeclaring math accent \tilde on input line 75.
LaTeX Font Info:    Redeclaring math accent \bar on input line 75.
LaTeX Font Info:    Redeclaring math accent \breve on input line 75.
LaTeX Font Info:    Redeclaring math accent \check on input line 75.
LaTeX Font Info:    Redeclaring math accent \hat on input line 75.
LaTeX Font Info:    Redeclaring math accent \dot on input line 75.
LaTeX Font Info:    Redeclaring math accent \mathring on input line 75.
LaTeX Font Info:    Redeclaring math symbol \Gamma on input line 75.
LaTeX Font Info:    Redeclaring math symbol \Delta on input line 75.
LaTeX Font Info:    Redeclaring math symbol \Theta on input line 75.
LaTeX Font Info:    Redeclaring math symbol \Lambda on input line 75.
LaTeX Font Info:    Redeclaring math symbol \Xi on input line 75.
LaTeX Font Info:    Redeclaring math symbol \Pi on input line 75.
LaTeX Font Info:    Redeclaring math symbol \Sigma on input line 75.
LaTeX Font Info:    Redeclaring math symbol \Upsilon on input line 75.
LaTeX Font Info:    Redeclaring math symbol \Phi on input line 75.
LaTeX Font Info:    Redeclaring math symbol \Psi on input line 75.
LaTeX Font Info:    Redeclaring math symbol \Omega on input line 75.
LaTeX Font Info:    Redeclaring math symbol \mathdollar on input line 75.
LaTeX Font Info:    Redeclaring symbol font `operators' on input line 75.
LaTeX Font Info:    Encoding `OT1' has changed to `TU' for symbol font
(Font)              `operators' in the math version `normal' on input line 75.
LaTeX Font Info:    Overwriting symbol font `operators' in version `normal'
(Font)                  OT1/cmr/m/n --> TU/lmr/m/n on input line 75.
LaTeX Font Info:    Encoding `OT1' has changed to `TU' for symbol font
(Font)              `operators' in the math version `bold' on input line 75.
LaTeX Font Info:    Overwriting symbol font `operators' in version `bold'
(Font)                  OT1/cmr/bx/n --> TU/lmr/m/n on input line 75.
LaTeX Font Info:    Overwriting symbol font `operators' in version `normal'
(Font)                  TU/lmr/m/n --> TU/lmr/m/n on input line 75.
LaTeX Font Info:    Overwriting math alphabet `\mathit' in version `normal'
(Font)                  OT1/cmr/m/it --> TU/lmr/m/it on input line 75.
LaTeX Font Info:    Overwriting math alphabet `\mathbf' in version `normal'
(Font)                  OT1/cmr/bx/n --> TU/lmr/bx/n on input line 75.
LaTeX Font Info:    Overwriting math alphabet `\mathsf' in version `normal'
(Font)                  OT1/cmss/m/n --> TU/lmss/m/n on input line 75.
LaTeX Font Info:    Overwriting math alphabet `\mathtt' in version `normal'
(Font)                  OT1/cmtt/m/n --> TU/DejaVuSansMono(0)/m/n on input line
 75.
LaTeX Font Info:    Overwriting symbol font `operators' in version `bold'
(Font)                  TU/lmr/m/n --> TU/lmr/bx/n on input line 75.
LaTeX Font Info:    Overwriting math alphabet `\mathit' in version `bold'
(Font)                  OT1/cmr/bx/it --> TU/lmr/bx/it on input line 75.
LaTeX Font Info:    Overwriting math alphabet `\mathsf' in version `bold'
(Font)                  OT1/cmss/bx/n --> TU/lmss/bx/n on input line 75.
LaTeX Font Info:    Overwriting math alphabet `\mathtt' in version `bold'
(Font)                  OT1/cmtt/m/n --> TU/DejaVuSansMono(0)/bx/n on input lin
e 75.
Package hyperref Info: Option `pageanchor' set `false' on input line 78.
*************************************************
* xeCJK warning: "CJKfamily-Unknown"
* 
* Unknown CJK family `\CJKsfdefault' is being ignored.
* 
* Try to use `\setCJKsansfont[...]{...}' to define it.
*************************************************
LaTeX Font Info:    Font shape `TU/lmss/bx/it' in size <10> not available
(Font)              Font shape `TU/lmss/bx/sl' tried instead on input line 78.
LaTeX Font Info:    Font shape `TU/lmss/bx/it' in size <17.28> not available
(Font)              Font shape `TU/lmss/bx/sl' tried instead on input line 78.
LaTeX Font Info:    Try loading font information for U+msa on input line 78.
(/usr/share/texlive/texmf-dist/tex/latex/amsfonts/umsa.fd
File: umsa.fd 2013/01/14 v3.01 AMS symbols A
)
LaTeX Font Info:    Try loading font information for U+msb on input line 78.
(/usr/share/texlive/texmf-dist/tex/latex/amsfonts/umsb.fd
File: umsb.fd 2013/01/14 v3.01 AMS symbols B
) [1

] (./LittlevGL.toc)
\tf@toc=\write6
\openout6 = `LittlevGL.toc'.

[1



]
*************************************************
* xeCJK warning: "CJKfamily-Unknown"
* 
* Unknown CJK family `\CJKttdefault' is being ignored.
* 
* Try to use `\setCJKmonofont[...]{...}' to define it.
*************************************************
File: lv_theme_intro.png Graphic file (type bmp)
<lv_theme_intro.png>
[1

]
Chapter 1.
[2

]
Chapter 2.
[3

]
Chapter 3.
[4

] [5] [6] [7] [8] [9] [10] [11]
Underfull \hbox (badness 10000) in paragraph at lines 724--725
[]\TU/lmr/m/n/10 The objects has type specific parameters too which can be set 
by
 []

[12]
File: simple_button_example.png Graphic file (type bmp)
<simple_button_example.png>
[13]
File: button_style_example.png Graphic file (type bmp)
<button_style_example.png>

Overfull \vbox (0.91003pt too high) detected at line 870
 []

[14]
File: slider_example.png Graphic file (type bmp)
<slider_example.png>
[15]
File: list_theme_example.png Graphic file (type bmp)
<list_theme_example.png>
[16] [17] [18]
File: sys.png Graphic file (type bmp)
<sys.png>
[19] [20] [21]
Underfull \hbox (badness 10000) in paragraph at lines 1346--1348
[]\TU/lmr/m/n/10 To set the fields of \TU/lmr/m/it/10 lv_disp_drv_t \TU/lmr/m/n
/10 variable it needs to be initialized with
 []


Underfull \hbox (badness 10000) in paragraph at lines 1346--1348
\TU/DejaVuSansMono(0)/m/n/10 lv_disp_drv_init(&disp_drv)\TU/lmr/m/n/10 . And fi
nally to register a display for LittlevGL
 []

[22]
Underfull \vbox (badness 10000) detected at line 1423
 []


Underfull \vbox (badness 10000) detected at line 1423
 []

[23]
Underfull \hbox (badness 10000) in paragraph at lines 1477--1477
[][][]\TU/lmr/m/it/10 lv_disp_buf_t[][] \TU/lmr/m/n/10 *\TU/lmr/m/it/10 disp_bu
f\TU/lmr/m/n/10 , void *\TU/lmr/m/it/10 buf1\TU/lmr/m/n/10 , void *\TU/lmr/m/it
/10 buf2\TU/lmr/m/n/10 , uint32_t
 []

[24] [25] [26] [27] [28] [29]
Underfull \hbox (badness 10000) in paragraph at lines 2326--2327
[]\TU/lmr/m/n/10 To assign buttons to coordinates use \TU/DejaVuSansMono(0)/m/n
/10 lv_indev_set_button_points(my_indev,
 []


Underfull \hbox (badness 10000) in paragraph at lines 2326--2327
\TU/DejaVuSansMono(0)/m/n/10 points_array)\TU/lmr/m/n/10 .\TU/DejaVuSansMono(0)
/m/n/10 points_array \TU/lmr/m/n/10 should look like \TU/DejaVuSansMono(0)/m/n/
10 const lv_point_t points_array[] = {
 []


Overfull \vbox (3.87395pt too high) detected at line 2352
 []

[30] [31] [32] [33] [34] [35] [36]
Underfull \hbox (badness 5652) in paragraph at lines 3269--3271
[]\TU/lmr/m/n/10 Try to avoid calling LittlevGL functions from the interrupts (
except \TU/DejaVuSansMono(0)/m/n/10 lv_tick_inc() \TU/lmr/m/n/10 and
 []

[37] [38]
File: par_child1.png Graphic file (type bmp)
<par_child1.png>
[39]
File: par_child2.png Graphic file (type bmp)
<par_child2.png>
[40]
File: par_child3.png Graphic file (type bmp)
<par_child3.png>
[41]
File: layers.png Graphic file (type bmp)
<layers.png>
[42] [43] [44] [45] [46] [47] [48]
Underfull \hbox (badness 10000) in paragraph at lines 3913--3914
[]\TU/lmr/bx/n/10 body.opa \TU/lmr/m/n/10 Opacity (0..255 or \TU/lmr/m/it/10 LV
_OPA_TRANSP\TU/lmr/m/n/10 , \TU/lmr/m/it/10 LV_OPA_10\TU/lmr/m/n/10 , \TU/lmr/m
/it/10 LV_OPA_20 \TU/SimSun(0)/m/n/10 |
 []


Underfull \hbox (badness 10000) in paragraph at lines 3968--3969
[]\TU/lmr/bx/n/10 text.opa \TU/lmr/m/n/10 Text opacity (0..255 or LV_OPA_TRANSP
, LV_OPA_10, LV_OPA_20 \TU/SimSun(0)/m/n/10 |
 []

[49]
Underfull \hbox (badness 10000) in paragraph at lines 4006--4007
[]\TU/lmr/bx/n/10 line.opa \TU/lmr/m/n/10 Line opacity (0..255 or \TU/lmr/m/it/
10 LV_OPA_TRANSP\TU/lmr/m/n/10 , \TU/lmr/m/it/10 LV_OPA_10\TU/lmr/m/n/10 , \TU/
lmr/m/it/10 LV_OPA_20 \TU/SimSun(0)/m/n/10 |
 []

File: style-built-in.png Graphic file (type bmp)
<style-built-in.png>
[50]
Underfull \hbox (badness 10000) in paragraph at lines 4036--4037
[]\TU/lmr/m/n/10 When creating new styles, it\TU/SimSun(0)/m/n/10 | \TU/lmr/m/
n/10 s recommended to first copy a built-in style with
 []


Underfull \hbox (badness 5316) in paragraph at lines 4050--4051
[]\TU/lmr/m/n/10 You can change the styles with animations using \TU/DejaVuSans
Mono(0)/m/n/10 lv_style_anim_...() \TU/lmr/m/n/10 function. The
 []

File: style-example.png Graphic file (type bmp)
<style-example.png>
[51]
File: theme-example.png Graphic file (type bmp)
<theme-example.png>
[52] [53] [54]
Overfull \vbox (6.17795pt too high) detected at line 4319
 []

[55] [56]
Underfull \hbox (badness 10000) in paragraph at lines 4469--4470
\TU/lmr/m/n/10 Set a cursor for a pointer input device (for LV_INPUT_TYPE_POINT
ER and
 []


Underfull \hbox (badness 10000) in paragraph at lines 4535--4536
\TU/lmr/m/n/10 Get the last point of an input device (for LV_INDEV_TYPE_POINTER
 and
 []

[57] [58] [59]
Underfull \hbox (badness 10000) in paragraph at lines 5095--5095
[][][]\TU/lmr/m/it/10 lv_group_t[][] \TU/lmr/m/n/10 *\TU/lmr/m/it/10 group\TU/l
mr/m/n/10 , [][]\TU/lmr/m/it/10 lv_group_style_mod_cb_t[][]
 []


Underfull \hbox (badness 10000) in paragraph at lines 5117--5117
[][][]\TU/lmr/m/it/10 lv_group_t[][] \TU/lmr/m/n/10 *\TU/lmr/m/it/10 group\TU/l
mr/m/n/10 , [][]\TU/lmr/m/it/10 lv_group_style_mod_cb_t[][]
 []

[60] [61] [62] [63] [64] [65] [66]
File: ffffff.png Graphic file (type bmp)
<ffffff.png>
File: 000000.png Graphic file (type bmp)
<000000.png>
File: 0000001.png Graphic file (type bmp)
<0000001.png>
File: 0000002.png Graphic file (type bmp)
<0000002.png>
File: 0000003.png Graphic file (type bmp)
<0000003.png>
File: 0000004.png Graphic file (type bmp)
<0000004.png>
File: 0000005.png Graphic file (type bmp)
<0000005.png>
File: 0000006.png Graphic file (type bmp)
<0000006.png>
File: 0000007.png Graphic file (type bmp)
<0000007.png>
File: 0000008.png Graphic file (type bmp)
<0000008.png>
File: 0000009.png Graphic file (type bmp)
<0000009.png>
File: 00000010.png Graphic file (type bmp)
<00000010.png>
File: 00000011.png Graphic file (type bmp)
<00000011.png>
File: 00000011.png Graphic file (type bmp)
<00000011.png>
File: 00000012.png Graphic file (type bmp)
<00000012.png>
File: 00000013.png Graphic file (type bmp)
<00000013.png>
File: 00000014.png Graphic file (type bmp)
<00000014.png>
File: 00000015.png Graphic file (type bmp)
<00000015.png>
[67] [68] [69] [70] [71]
File: symbols.png Graphic file (type bmp)
<symbols.png>
[72] [73]
File: bidi.png Graphic file (type bmp)
<bidi.png>
[74] [75]
Underfull \hbox (badness 10000) in paragraph at lines 6979--6980
[]\TU/lmr/m/n/10 Declare the font using \TU/DejaVuSansMono(0)/m/n/10 extern lv_
font_t my_font_name; \TU/lmr/m/n/10 or simply
 []


Overfull \vbox (11.87396pt too high) detected at line 7053
 []

[76] [77] [78] [79] [80] [81]
Underfull \vbox (badness 10000) detected at line 7424
 []


Underfull \vbox (badness 10000) detected at line 7424
 []

[82] [83] [84]
Underfull \hbox (badness 10000) in paragraph at lines 7563--7563
[]\TU/DejaVuSansMono(0)/bx/n/10 struct [][]\TU/lmr/m/it/10 _lv_img_decoder[][] 
\TU/lmr/m/n/10 *decoder,
 []


Underfull \hbox (badness 10000) in paragraph at lines 7585--7585
\TU/DejaVuSansMono(0)/bx/n/10 struct [][]\TU/lmr/m/it/10 _lv_img_decoder_dsc[][
]
 []

[85] [86] [87]
Underfull \hbox (badness 10000) in paragraph at lines 8118--8118
[][][]\TU/lmr/m/it/10 lv_img_decoder_dsc_t[][] \TU/lmr/m/n/10 *\TU/lmr/m/it/10 
dsc\TU/lmr/m/n/10 , \TU/DejaVuSansMono(0)/bx/n/10 const \TU/lmr/m/n/10 void *\T
U/lmr/m/it/10 src\TU/lmr/m/n/10 , \TU/DejaVuSansMono(0)/bx/n/10 const
 []


Underfull \hbox (badness 10000) in paragraph at lines 8234--8234
[][][]\TU/lmr/m/it/10 lv_img_decoder_t[][] \TU/lmr/m/n/10 *\TU/lmr/m/it/10 deco
der\TU/lmr/m/n/10 , [][]\TU/lmr/m/it/10 lv_img_decoder_info_f_t[][]
 []

[88]
Underfull \hbox (badness 6047) in paragraph at lines 8256--8256
[][][]\TU/lmr/m/it/10 lv_img_decoder_t[][] \TU/lmr/m/n/10 *\TU/lmr/m/it/10 deco
der\TU/lmr/m/n/10 , [][]\TU/lmr/m/it/10 lv_img_decoder_open_f_t[][]
 []


Underfull \hbox (badness 10000) in paragraph at lines 8278--8278
[][][]\TU/lmr/m/it/10 lv_img_decoder_t[][] \TU/lmr/m/n/10 *\TU/lmr/m/it/10 deco
der\TU/lmr/m/n/10 ,
 []


Underfull \hbox (badness 10000) in paragraph at lines 8375--8375
[][][]\TU/lmr/m/it/10 lv_img_decoder_t[][] \TU/lmr/m/n/10 *\TU/lmr/m/it/10 deco
der\TU/lmr/m/n/10 ,
 []


Underfull \hbox (badness 7796) in paragraph at lines 8375--8375
[][]\TU/lmr/m/it/10 lv_img_decoder_dsc_t[][] \TU/lmr/m/n/10 *\TU/lmr/m/it/10 ds
c\TU/lmr/m/n/10 , lv_coord_t
 []

[89] [90] [91] [92] [93] [94] [95] [96] [97] [98] [99] [100] [101]
Underfull \hbox (badness 10000) in paragraph at lines 10198--10198
[][][]\TU/lmr/m/it/10 lv_anim_t[][] \TU/lmr/m/n/10 *\TU/lmr/m/it/10 a\TU/lmr/m/
n/10 , [][]\TU/lmr/m/it/10 lv_anim_custom_exec_cb_t[][]
 []

[102] [103] [104] [105] [106] [107] [108] [109] [110] [111]
File: align.png Graphic file (type bmp)
<align.png>

Underfull \hbox (badness 10000) in paragraph at lines 11471--11473
[]\TU/lmr/m/n/10 The third argument is the \TU/lmr/m/it/10 type \TU/lmr/m/n/10 
of alignment. These are the possible options:
 []


Underfull \hbox (badness 10000) in paragraph at lines 11481--11482
[]\TU/lmr/m/n/10 For example, to align a text below an image: \TU/DejaVuSansMon
o(0)/m/n/10 lv_obj_align(text, image,
 []


Underfull \hbox (badness 10000) in paragraph at lines 11481--11482
\TU/DejaVuSansMono(0)/m/n/10 LV_ALIGN_OUT_BOTTOM_MID, 0, 10)\TU/lmr/m/n/10 .Or 
to align a text in the middle of its parent:
 []

[112]
Underfull \hbox (badness 10000) in paragraph at lines 11512--11513
[]\TU/DejaVuSansMono(0)/m/n/10 lv_obj_count_children(obj) \TU/lmr/m/n/10 tells 
the number of children on an object.
 []


Underfull \hbox (badness 10000) in paragraph at lines 11541--11542
[]\TU/lmr/m/n/10 You can bring an object to the foreground or send it to the ba
ckground with
 []

[113] [114] [115]
File: lv_ex_obj_1.png Graphic file (type bmp)
<lv_ex_obj_1.png>
[116]
File: lv_ex_obj_1.png Graphic file (type bmp)
<lv_ex_obj_1.png>
[117] [118] [119] [120] [121] [122] [123] [124] [125] [126] [127] [128] [129] [
130] [131] [132] [133] [134] [135] [136]
File: lv_ex_arc_1.png Graphic file (type bmp)
<lv_ex_arc_1.png>
[137]
File: lv_ex_arc_2.png Graphic file (type bmp)
<lv_ex_arc_2.png>
[138]
File: lv_ex_arc_1.png Graphic file (type bmp)
<lv_ex_arc_1.png>
[139]
File: lv_ex_arc_2.png Graphic file (type bmp)
<lv_ex_arc_2.png>

Overfull \vbox (2.17339pt too high) detected at line 15338
 []

[140] [141] [142]
File: lv_ex_bar_1.png Graphic file (type bmp)
<lv_ex_bar_1.png>
[143]
File: lv_ex_bar_1.png Graphic file (type bmp)
<lv_ex_bar_1.png>
[144] [145] [146] [147] [148]
Underfull \hbox (badness 10000) in paragraph at lines 16198--16199
[]\TU/lmr/bx/n/10 LV_BTN_STYLE_TGL_REL \TU/lmr/m/n/10 - style of the toggled re
leased state. Default:
 []


Underfull \hbox (badness 10000) in paragraph at lines 16201--16202
[]\TU/lmr/bx/n/10 LV_BTN_STYLE_TGL_PR \TU/lmr/m/n/10 - style of the toggled pre
ssed state. Default:
 []

[149]
File: lv_ex_btn_1.png Graphic file (type bmp)
<lv_ex_btn_1.png>

Overfull \vbox (2.31718pt too high) detected at line 16290
 []

[150]
File: lv_ex_btn_1.png Graphic file (type bmp)
<lv_ex_btn_1.png>

Overfull \vbox (2.11716pt too high) detected at line 16324
 []

[151] [152] [153] [154] [155] [156]
Underfull \hbox (badness 10000) in paragraph at lines 17141--17143
[]\TU/lmr/m/n/10 The \TU/lmr/bx/n/10 buttons width \TU/lmr/m/n/10 can be set re
lative to the other button in the same line with
 []


Underfull \hbox (badness 10000) in paragraph at lines 17168--17169
[]\TU/lmr/m/n/10 The set/clear the same control attribute for all buttons of a 
button ma-
 []


Underfull \hbox (badness 10000) in paragraph at lines 17168--17169
\TU/lmr/m/n/10 trix, use \TU/DejaVuSansMono(0)/m/n/10 lv_btnm_set_btn_ctrl_all(
btnm, btn_id, LV_BTNM_CTRL_...) \TU/lmr/m/n/10 and
 []


Underfull \hbox (badness 6708) in paragraph at lines 17170--17172
[]\TU/lmr/m/n/10 The set a control map for a button matrix (similarly to the ma
p for the text), use
 []


Underfull \hbox (badness 6792) in paragraph at lines 17170--17172
\TU/DejaVuSansMono(0)/m/n/10 lv_btnm_set_ctrl_map(btnm, ctrl_map)\TU/lmr/m/n/10
 . An element of \TU/DejaVuSansMono(0)/m/n/10 ctrl_map \TU/lmr/m/n/10 should lo
ok like
 []

[157]
File: lv_ex_btnm_1.png Graphic file (type bmp)
<lv_ex_btnm_1.png>
[158]
File: lv_ex_btnm_1.png Graphic file (type bmp)
<lv_ex_btnm_1.png>
[159] [160] [161] [162] [163] [164]
Underfull \hbox (badness 6741) in paragraph at lines 18110--18111
[]\TU/lmr/m/n/10 The list of highlighted dates should be stored in a \TU/DejaVu
SansMono(0)/m/n/10 lv_calendar_date_t \TU/lmr/m/n/10 array loaded
 []


Underfull \hbox (badness 10000) in paragraph at lines 18120--18121
[]\TU/lmr/m/n/10 Similarly to \TU/DejaVuSansMono(0)/m/n/10 day_names\TU/lmr/m/n
/10 , the name of the month can be set with
 []

[165]
Underfull \hbox (badness 10000) in paragraph at lines 18156--18158
[]\TU/lmr/m/n/10 Besides the [][]Generic events[][], the following [][]Special 
events[][] are sent by the calendars:
 []

File: lv_ex_calendar_1.png Graphic file (type bmp)
<lv_ex_calendar_1.png>
[166]
Underfull \vbox (badness 2941) detected at line 18226
 []

[167]
File: lv_ex_calendar_1.png Graphic file (type bmp)
<lv_ex_calendar_1.png>

Overfull \vbox (1.15465pt too high) detected at line 18266
 []

[168] [169] [170] [171] [172]
Underfull \hbox (badness 10000) in paragraph at lines 18925--18926
[]\TU/lmr/m/n/10 The canvas supports all the built-in color formats like \TU/De
jaVuSansMono(0)/m/n/10 LV_IMG_CF_TRUE_COLOR \TU/lmr/m/n/10 or
 []


Underfull \hbox (badness 10000) in paragraph at lines 18930--18931
[]\TU/lmr/m/n/10 For \TU/DejaVuSansMono(0)/m/n/10 LV_IMG_CF_INDEXED_... \TU/lmr
/m/n/10 color formats, a palette needs to be initialized with
 []


Underfull \hbox (badness 10000) in paragraph at lines 18948--18949
[]\TU/DejaVuSansMono(0)/m/n/10 lv_canvas_draw_text(canvas, x, y, max_width, &st
yle, txt,
 []


Overfull \hbox (8.2917pt too wide) in paragraph at lines 18964--18965
[]\TU/lmr/m/n/10 The draw function can draw only to \TU/DejaVuSansMono(0)/m/n/1
0 LV_IMG_CF_TURE_COLOR\TU/lmr/m/n/10 , \TU/DejaVuSansMono(0)/m/n/10 LV_IMG_CF_T
RUE_COLOR_CHROMA_KEYED
 []

[173]
File: lv_ex_canvas_1.png Graphic file (type bmp)
<lv_ex_canvas_1.png>
[174] [175]
File: lv_ex_canvas_2.png Graphic file (type bmp)
<lv_ex_canvas_2.png>
[176]
File: lv_ex_canvas_1.png Graphic file (type bmp)
<lv_ex_canvas_1.png>
[177] [178]
File: lv_ex_canvas_2.png Graphic file (type bmp)
<lv_ex_canvas_2.png>
[179] [180] [181] [182]
Underfull \hbox (badness 10000) in paragraph at lines 19688--19688
[][][]\TU/lmr/m/it/10 lv_obj_t[][] \TU/lmr/m/n/10 *\TU/lmr/m/it/10 canvas\TU/lm
r/m/n/10 , \TU/DejaVuSansMono(0)/bx/n/10 const \TU/lmr/m/n/10 lv_point_t *\TU/l
mr/m/it/10 points\TU/lmr/m/n/10 , uint32_t
 []

[183] [184]
File: lv_ex_cb_1.png Graphic file (type bmp)
<lv_ex_cb_1.png>
[185]
File: lv_ex_cb_1.png Graphic file (type bmp)
<lv_ex_cb_1.png>
[186] [187] [188] [189]
Underfull \hbox (badness 10000) in paragraph at lines 20358--20359
[]\TU/lmr/m/n/10 The update mode can be changed with \TU/DejaVuSansMono(0)/m/n/
10 lv_chart_set_update_mode(chart,
 []

[190]
Underfull \hbox (badness 10000) in paragraph at lines 20373--20374
[]\TU/lmr/m/n/10 The number of horizontal and vertical division lines can be mo
dified by
 []


Underfull \hbox (badness 10000) in paragraph at lines 20382--20383
[]\TU/lmr/m/n/10 You can apply a \TU/lmr/bx/n/10 dark color fade \TU/lmr/m/n/10
 on the bottom of columns and points by
 []


Underfull \hbox (badness 10000) in paragraph at lines 20391--20394
[]\TU/DejaVuSansMono(0)/m/n/10 lv_chart_set_x_tick_text(chart, list_of_values, 
num_tick_marks,
 []


Underfull \hbox (badness 10000) in paragraph at lines 20397--20398
[]\TU/lmr/m/n/10 The same functions exists for the y axis too: \TU/DejaVuSansMo
no(0)/m/n/10 lv_chart_set_y_tick_text \TU/lmr/m/n/10 and
 []

[191]
File: lv_ex_chart_1.png Graphic file (type bmp)
<lv_ex_chart_1.png>
[192]
File: lv_ex_chart_1.png Graphic file (type bmp)
<lv_ex_chart_1.png>
[193] [194] [195] [196] [197] [198]
Underfull \hbox (badness 10000) in paragraph at lines 21225--21225
[][][]\TU/lmr/m/it/10 lv_obj_t[][] \TU/lmr/m/n/10 *\TU/lmr/m/it/10 chart\TU/lmr
/m/n/10 , \TU/DejaVuSansMono(0)/bx/n/10 const \TU/lmr/m/n/10 char
 []


Underfull \hbox (badness 10000) in paragraph at lines 21225--21225
\TU/lmr/m/n/10 *\TU/lmr/m/it/10 list_of_values\TU/lmr/m/n/10 , uint8_t \TU/lmr/
m/it/10 num_tick_marks\TU/lmr/m/n/10 ,
 []

[199] [200] [201] [202]
File: lv_ex_cont_1.png Graphic file (type bmp)
<lv_ex_cont_1.png>
[203]
File: lv_ex_cont_1.png Graphic file (type bmp)
<lv_ex_cont_1.png>
[204] [205] [206] [207]
Underfull \hbox (badness 10000) in paragraph at lines 22514--22515
[]\TU/lmr/m/n/10 To set the style of a \TU/lmr/m/it/10 color picker \TU/lmr/m/n
/10 object, use \TU/DejaVuSansMono(0)/m/n/10 lv_cpicker_set_style(cpicker,
 []

[208] [209] [210] [211] [212] [213]
Underfull \hbox (badness 10000) in paragraph at lines 23365--23366
[]\TU/lmr/m/n/10 By default, the list\TU/SimSun(0)/m/n/10 | \TU/lmr/m/n/10 s h
eight is adjusted automatically to show all options. The
 []


Underfull \hbox (badness 10000) in paragraph at lines 23382--23383
[]\TU/lmr/m/n/10 A down arrow can be added to the left side of the drop-down li
st with
 []

[214]
Underfull \hbox (badness 10000) in paragraph at lines 23392--23393
[]\TU/lmr/m/n/10 You can force the drop-down list to \TU/lmr/bx/n/10 stay opene
d\TU/lmr/m/n/10 , when an option is selected with
 []

File: lv_ex_ddlist_1.png Graphic file (type bmp)
<lv_ex_ddlist_1.png>
[215]
File: lv_ex_ddlist_2.png Graphic file (type bmp)
<lv_ex_ddlist_2.png>
[216] [217]
File: lv_ex_ddlist_1.png Graphic file (type bmp)
<lv_ex_ddlist_1.png>
File: lv_ex_ddlist_2.png Graphic file (type bmp)
<lv_ex_ddlist_2.png>
[218] [219] [220] [221] [222] [223] [224]
File: lv_ex_gauge_1.png Graphic file (type bmp)
<lv_ex_gauge_1.png>
[225]
File: lv_ex_gauge_1.png Graphic file (type bmp)
<lv_ex_gauge_1.png>
[226] [227] [228] [229] [230] [231]
File: lv_ex_img_1.png Graphic file (type bmp)
<lv_ex_img_1.png>
[232]
File: lv_ex_img_2.png Graphic file (type bmp)
<lv_ex_img_2.png>
[233]
Overfull \vbox (3.0694pt too high) detected at line 25219
 []

[234]
Underfull \vbox (badness 10000) detected at line 25219
 []


Underfull \vbox (badness 10000) detected at line 25219
 []

[235]
Underfull \vbox (badness 10000) detected at line 25219
 []


Underfull \vbox (badness 10000) detected at line 25219
 []

[236]
File: lv_ex_img_1.png Graphic file (type bmp)
<lv_ex_img_1.png>
[237] [238] [239] [240]
Underfull \hbox (badness 5050) in paragraph at lines 25695--25696
[]\TU/lmr/bx/n/10 LV_IMGBTN_STYLE_TGL_REL \TU/lmr/m/n/10 - Style of the toggled
 released state. Default:
 []


Underfull \hbox (badness 7704) in paragraph at lines 25698--25699
[]\TU/lmr/bx/n/10 LV_IMGBTN_STYLE_TGL_PR \TU/lmr/m/n/10 - Style of the toggled 
pressed state. Default:
 []

[241]
File: lv_ex_imgbtn_1.png Graphic file (type bmp)
<lv_ex_imgbtn_1.png>
[242] [243] [244] [245] [246] [247]
File: lv_ex_kb_1.png Graphic file (type bmp)
<lv_ex_kb_1.png>
[248]
File: lv_ex_kb_1.png Graphic file (type bmp)
<lv_ex_kb_1.png>
[249] [250]
Underfull \hbox (badness 10000) in paragraph at lines 26732--26733
[]\TU/DejaVuSansMono(0)/m/n/10 ctrl_map\TU/lmr/m/n/10 : pointer to an array of 
\TU/DejaVuSansMono(0)/m/n/10 lv_btn_ctrl_t \TU/lmr/m/n/10 control bytes. See:
 []

[251] [252] [253] [254]
File: lv_ex_label_1.png Graphic file (type bmp)
<lv_ex_label_1.png>

Overfull \vbox (1.62492pt too high) detected at line 27101
 []

[255]
File: lv_ex_label_2.png Graphic file (type bmp)
<lv_ex_label_2.png>
[256]
File: lv_ex_label_3.png Graphic file (type bmp)
<lv_ex_label_3.png>
[257]
File: lv_ex_label_1.png Graphic file (type bmp)
<lv_ex_label_1.png>
[258]
File: lv_ex_label_2.png Graphic file (type bmp)
<lv_ex_label_2.png>
[259]
File: lv_ex_label_3.png Graphic file (type bmp)
<lv_ex_label_3.png>
[260]
Overfull \vbox (3.0694pt too high) detected at line 27329
 []

[261] [262] [263]
Underfull \hbox (badness 10000) in paragraph at lines 27677--27678
[]\TU/DejaVuSansMono(0)/m/n/10 long_mode\TU/lmr/m/n/10 : the new mode from  |\T
U/SimSun(0)/m/n/10 \TU/lmr/m/n/10 lv_label_long_mode\TU/SimSun(0)/m/n/10 | \T
U/lmr/m/n/10 enum. In
 []

[264] [265] [266] [267] [268]
File: lv_ex_led_1.png Graphic file (type bmp)
<lv_ex_led_1.png>
[269]
File: lv_ex_led_1.png Graphic file (type bmp)
<lv_ex_led_1.png>
[270] [271] [272]
File: lv_ex_line_1.png Graphic file (type bmp)
<lv_ex_line_1.png>
[273]
File: lv_ex_line_1.png Graphic file (type bmp)
<lv_ex_line_1.png>
[274] [275] [276] [277]
Underfull \hbox (badness 10000) in paragraph at lines 29161--29162
[]\TU/lmr/bx/n/10 LV_LIST_STYLE_BTN_TGL_REL \TU/lmr/m/n/10 button toggled relea
sed style. Default:
 []


Underfull \hbox (badness 10000) in paragraph at lines 29164--29165
[]\TU/lmr/bx/n/10 LV_LIST_STYLE_BTN_TGL_PR \TU/lmr/m/n/10 button toggled presse
d style. Default:
 []

[278]
File: lv_ex_list_1.png Graphic file (type bmp)
<lv_ex_list_1.png>
[279]
Overfull \vbox (3.0694pt too high) detected at line 29253
 []

[280]
File: lv_ex_list_1.png Graphic file (type bmp)
<lv_ex_list_1.png>
[281] [282] [283] [284] [285] [286]
Underfull \hbox (badness 10000) in paragraph at lines 30199--30200
[]\TU/lmr/m/n/10 The line meter uses one style which can be set by \TU/DejaVuSa
nsMono(0)/m/n/10 lv_lmeter_set_style(lmeter,
 []

[287]
File: lv_ex_lmeter_1.png Graphic file (type bmp)
<lv_ex_lmeter_1.png>
[288]
File: lv_ex_lmeter_1.png Graphic file (type bmp)
<lv_ex_lmeter_1.png>
[289] [290] [291] [292]
Underfull \hbox (badness 7944) in paragraph at lines 30740--30741
[]\TU/lmr/bx/n/10 LV_MBOX_STYLE_BTN_BG \TU/lmr/m/n/10 style of the Button matri
x background. Default:
 []

[293]
File: lv_ex_mbox_1.png Graphic file (type bmp)
<lv_ex_mbox_1.png>
File: lv_ex_mbox_2.png Graphic file (type bmp)
<lv_ex_mbox_2.png>
[294]
Overfull \vbox (3.0694pt too high) detected at line 30949
 []

[295]
Underfull \vbox (badness 10000) detected at line 30949
 []


Underfull \vbox (badness 10000) detected at line 30949
 []

[296]
File: lv_ex_mbox_1.png Graphic file (type bmp)
<lv_ex_mbox_1.png>
[297]
File: lv_ex_mbox_2.png Graphic file (type bmp)
<lv_ex_mbox_2.png>
[298]
Underfull \vbox (badness 10000) detected at line 31070
 []


Underfull \vbox (badness 10000) detected at line 31070
 []

[299] [300] [301] [302] [303] [304]
Underfull \hbox (badness 10000) in paragraph at lines 31672--31674
[]\TU/lmr/m/n/10 The scrollable object has a default event callback which propa
gates the follow-
 []


Underfull \hbox (badness 10000) in paragraph at lines 31672--31674
\TU/lmr/m/n/10 ing events to the background object: \TU/DejaVuSansMono(0)/m/n/1
0 LV_EVENT_PRESSED\TU/lmr/m/n/10 , \TU/DejaVuSansMono(0)/m/n/10 LV_EVENT_PRESSI
NG\TU/lmr/m/n/10 ,
 []

File: lv_ex_page_1.png Graphic file (type bmp)
<lv_ex_page_1.png>
[305]
File: lv_ex_page_1.png Graphic file (type bmp)
<lv_ex_page_1.png>
[306]
Overfull \vbox (3.0694pt too high) detected at line 31785
 []

[307] [308] [309] [310] [311] [312] [313]
Underfull \hbox (badness 10000) in paragraph at lines 32978--32979
[]\TU/lmr/m/n/10 The direction of spinning can be changed with \TU/DejaVuSansMo
no(0)/m/n/10 lv_preload_set_dir(preload,
 []

[314]
File: lv_ex_preload_1.png Graphic file (type bmp)
<lv_ex_preload_1.png>
[315]
File: lv_ex_preload_1.png Graphic file (type bmp)
<lv_ex_preload_1.png>

Overfull \vbox (2.31581pt too high) detected at line 33067
 []

[316] [317] [318] [319] [320]
File: lv_ex_roller_1.png Graphic file (type bmp)
<lv_ex_roller_1.png>
[321]
File: lv_ex_roller_1.png Graphic file (type bmp)
<lv_ex_roller_1.png>
[322] [323] [324]
Underfull \hbox (badness 10000) in paragraph at lines 34023--34025
[]\TU/lmr/m/n/10 LV_LABEL_ALIGN_LEFT, LV_LABEL_ALIGN_RIGHT or
 []

[325] [326] [327]
File: lv_ex_slider_1.png Graphic file (type bmp)
<lv_ex_slider_1.png>
[328]
File: lv_ex_slider_2.png Graphic file (type bmp)
<lv_ex_slider_2.png>
[329]
Underfull \vbox (badness 10000) detected at line 34380
 []


Underfull \vbox (badness 10000) detected at line 34380
 []

[330]
File: lv_ex_slider_1.png Graphic file (type bmp)
<lv_ex_slider_1.png>
[331]
File: lv_ex_slider_2.png Graphic file (type bmp)
<lv_ex_slider_2.png>
[332] [333] [334] [335]
Underfull \hbox (badness 10000) in paragraph at lines 34940--34941
[]\TU/DejaVuSansMono(0)/m/n/10 lv_spinbox_increment(spinbox) \TU/lmr/m/n/10 and
 \TU/DejaVuSansMono(0)/m/n/10 lv_spinbox_decrement(spinbox) \TU/lmr/m/n/10 incr
e-
 []

[336]
File: lv_ex_spinbox_1.png Graphic file (type bmp)
<lv_ex_spinbox_1.png>
[337]
File: lv_ex_spinbox_1.png Graphic file (type bmp)
<lv_ex_spinbox_1.png>
[338] [339]
Underfull \hbox (badness 10000) in paragraph at lines 35280--35280
[][][]\TU/lmr/m/it/10 lv_obj_t[][] \TU/lmr/m/n/10 *\TU/lmr/m/it/10 spinbox\TU/l
mr/m/n/10 , [][]\TU/lmr/m/it/10 lv_spinbox_style_t[][]
 []

[340] [341]
Underfull \hbox (badness 10000) in paragraph at lines 35504--35505
[]\TU/lmr/m/n/10 Using \TU/DejaVuSansMono(0)/m/n/10 lv_sw_on(sw, LV_ANIM_ON/OFF
)\TU/lmr/m/n/10 , \TU/DejaVuSansMono(0)/m/n/10 lv_sw_off(sw, LV_ANIM_ON/OFF) \T
U/lmr/m/n/10 or
 []

File: lv_ex_sw_1.png Graphic file (type bmp)
<lv_ex_sw_1.png>
[342]
Overfull \vbox (3.0694pt too high) detected at line 35625
 []

[343]
File: lv_ex_sw_1.png Graphic file (type bmp)
<lv_ex_sw_1.png>
[344] [345] [346] [347]
Underfull \hbox (badness 5388) in paragraph at lines 36063--36064
[]\TU/lmr/m/n/10 To set number of rows and columns use \TU/DejaVuSansMono(0)/m/
n/10 lv_table_set_row_cnt(table, row_cnt) \TU/lmr/m/n/10 and
 []

[348]
File: lv_ex_table_1.png Graphic file (type bmp)
<lv_ex_table_1.png>
[349]
Overfull \vbox (3.0694pt too high) detected at line 36211
 []

[350]
File: lv_ex_table_1.png Graphic file (type bmp)
<lv_ex_table_1.png>
[351] [352] [353]
Underfull \hbox (badness 10000) in paragraph at lines 36483--36484
[]\TU/DejaVuSansMono(0)/m/n/10 align\TU/lmr/m/n/10 : LV_LABEL_ALIGN_LEFT or LV_
LABEL_ALIGN_CENTER or
 []

[354] [355] [356]
Underfull \hbox (badness 7273) in paragraph at lines 37016--37017
\TU/lmr/m/n/10 all \TU/DejaVuSansMono(0)/m/n/10 style.body \TU/lmr/m/n/10 prope
rties. Its height comes from \TU/DejaVuSansMono(0)/m/n/10 body.padding.inner \T
U/lmr/m/n/10 (default:
 []

[357]
Underfull \hbox (badness 10000) in paragraph at lines 37035--37037
\TU/lmr/m/it/10 from LV_TABVIEW_STYLE_BTN_REL + padding.top and padding bottom 
from
 []

File: lv_ex_tabview_1.png Graphic file (type bmp)
<lv_ex_tabview_1.png>
[358] [359]
File: lv_ex_tabview_1.png Graphic file (type bmp)
<lv_ex_tabview_1.png>
[360] [361] [362] [363] [364] [365]
Underfull \hbox (badness 5756) in paragraph at lines 37920--37921
[]\TU/lmr/m/n/10 The text can be aligned to the left, center or right with \TU/
DejaVuSansMono(0)/m/n/10 lv_ta_set_text_align(ta,
 []


Underfull \hbox (badness 10000) in paragraph at lines 37932--37933
[]\TU/lmr/m/n/10 The maximum number of characters can be limited with \TU/DejaV
uSansMono(0)/m/n/10 lv_ta_set_max_length(ta,
 []

[366]
File: lv_ex_ta_1.png Graphic file (type bmp)
<lv_ex_ta_1.png>
[367] [368]
File: lv_ex_ta_2.png Graphic file (type bmp)
<lv_ex_ta_2.png>

Overfull \vbox (3.0694pt too high) detected at line 38180
 []

[369]
Underfull \vbox (badness 10000) detected at line 38180
 []


Underfull \vbox (badness 10000) detected at line 38180
 []

[370]
File: lv_ex_ta_1.png Graphic file (type bmp)
<lv_ex_ta_1.png>
[371]
File: lv_ex_ta_2.png Graphic file (type bmp)
<lv_ex_ta_2.png>
[372] [373] [374] [375]
Underfull \hbox (badness 10000) in paragraph at lines 38722--38723
[]\TU/DejaVuSansMono(0)/m/n/10 align\TU/lmr/m/n/10 : the desired alignment from
 \TU/DejaVuSansMono(0)/m/n/10 lv_label_align_t\TU/lmr/m/n/10 .
 []

[376] [377] [378] [379] [380]
Underfull \hbox (badness 10000) in paragraph at lines 39672--39674
[]\TU/lmr/m/n/10 With \TU/DejaVuSansMono(0)/m/n/10 lv_tileview_set_valid_positi
ons(tileview, valid_pos_array, array_len)\TU/lmr/m/n/10 the
 []

[381] [382]
File: lv_ex_tileview_1.png Graphic file (type bmp)
<lv_ex_tileview_1.png>
[383]
File: lv_ex_tileview_1.png Graphic file (type bmp)
<lv_ex_tileview_1.png>
[384]
Overfull \vbox (3.0694pt too high) detected at line 39917
 []

[385] [386]
Underfull \hbox (badness 10000) in paragraph at lines 40030--40030
[][][]\TU/lmr/m/it/10 lv_obj_t[][] \TU/lmr/m/n/10 *\TU/lmr/m/it/10 tileview\TU/
lmr/m/n/10 , lv_coord_t \TU/lmr/m/it/10 x\TU/lmr/m/n/10 , lv_coord_t \TU/lmr/m/
it/10 y\TU/lmr/m/n/10 ,
 []

[387] [388]
Underfull \hbox (badness 10000) in paragraph at lines 40343--40344
[]\TU/lmr/m/n/10 To scroll the Window directly you can use \TU/DejaVuSansMono(0
)/m/n/10 lv_win_scroll_hor(win, dist_px) \TU/lmr/m/n/10 or
 []

[389]
File: lv_ex_win_1.png Graphic file (type bmp)
<lv_ex_win_1.png>
[390]
File: lv_ex_win_1.png Graphic file (type bmp)
<lv_ex_win_1.png>
[391] [392] [393] [394] [395]
No file LittlevGL.ind.
Package atveryend Info: Empty hook `BeforeClearDocument' on input line 41203.
[396]
Package atveryend Info: Empty hook `AfterLastShipout' on input line 41203.
(./LittlevGL.aux)
Package atveryend Info: Empty hook `AtVeryEndDocument' on input line 41203.
Package atveryend Info: Empty hook `AtEndAfterFileList' on input line 41203.
Package atveryend Info: Empty hook `AtVeryVeryEnd' on input line 41203.
 ) 
Here is how much of TeX's memory you used:
 33939 strings out of 494568
 822248 string characters out of 6168060
 946954 words of memory out of 5000000
 37401 multiletter control sequences out of 15000+600000
 538700 words of font info for 80 fonts, out of 8000000 for 9000
 265 hyphenation exceptions out of 8191
 39i,12n,65p,10422b,579s stack positions out of 5000i,500n,10000p,200000b,80000s

Output written on LittlevGL.pdf (398 pages).
